#
# There is insufficient memory for the Java Runtime Environment to continue.
# Native memory allocation (malloc) failed to allocate 92736 bytes for Chunk::new
# Possible reasons:
#   The system is out of physical RAM or swap space
#   The process is running with CompressedOops enabled, and the Java Heap may be blocking the growth of the native heap
# Possible solutions:
#   Reduce memory load on the system
#   Increase physical memory or swap space
#   Check if swap backing store is full
#   Decrease Java heap size (-Xmx/-Xms)
#   Decrease number of Java threads
#   Decrease Java thread stack sizes (-Xss)
#   Set larger code cache with -XX:ReservedCodeCacheSize=
#   JVM is running with Unscaled Compressed Oops mode in which the Java heap is
#     placed in the first 4GB address space. The Java Heap base address is the
#     maximum limit for the native heap growth. Please use -XX:HeapBaseMinAddress
#     to set the Java Heap base and to place the Java Heap above 4GB virtual address.
# This output file may be truncated or incomplete.
#
#  Out of Memory Error (./src/hotspot/share/memory/arena.cpp:197), pid=4824, tid=4432
#
# JRE version: OpenJDK Runtime Environment (11.0.12+7) (build 11.0.12+7-b1504.28-7817840)
# Java VM: OpenJDK 64-Bit Server VM (11.0.12+7-b1504.28-7817840, mixed mode, tiered, compressed oops, g1 gc, windows-amd64)
# No core dump will be written. Minidumps are not enabled by default on client versions of Windows
#

---------------  S U M M A R Y ------------

Command Line: --add-opens=java.base/java.util=ALL-UNNAMED --add-opens=java.base/java.lang=ALL-UNNAMED --add-opens=java.base/java.lang.invoke=ALL-UNNAMED --add-opens=java.base/java.util=ALL-UNNAMED --add-opens=java.prefs/java.util.prefs=ALL-UNNAMED --add-opens=java.prefs/java.util.prefs=ALL-UNNAMED --add-opens=java.base/java.nio.charset=ALL-UNNAMED --add-opens=java.base/java.net=ALL-UNNAMED --add-opens=java.base/java.util.concurrent.atomic=ALL-UNNAMED -Xmx2048m -Dfile.encoding=UTF-8 -Duser.country=RU -Duser.language=ru -Duser.variant org.gradle.launcher.daemon.bootstrap.GradleDaemon 7.5

Host: Intel(R) Core(TM)2 Duo CPU     E8400  @ 3.00GHz, 2 cores, 4G,  Windows 7 , 64 bit Build 7601 (6.1.7601.24441)
Time: Thu Dec 21 14:48:37 2023 ?iiaineia a?aiy (ceia) elapsed time: 89.360962 seconds (0d 0h 1m 29s)

---------------  T H R E A D  ---------------

Current thread (0x000000005d632800):  JavaThread "C2 CompilerThread0" daemon [_thread_in_native, id=4432, stack(0x000000005db60000,0x000000005dc60000)]


Current CompileTask:
C2:  89361 10707       4       java.net.URI$Parser::parse (243 bytes)

Stack: [0x000000005db60000,0x000000005dc60000]
Native frames: (J=compiled Java code, j=interpreted, Vv=VM code, C=native code)
V  [jvm.dll+0x5fbcea]
V  [jvm.dll+0x731905]
V  [jvm.dll+0x732f1d]
V  [jvm.dll+0x7335d3]
V  [jvm.dll+0x247bf8]
V  [jvm.dll+0xc018c]
V  [jvm.dll+0xc06cc]
V  [jvm.dll+0x6b7aad]
V  [jvm.dll+0x50c86b]
V  [jvm.dll+0x50c70b]
V  [jvm.dll+0x50a081]
V  [jvm.dll+0x509ebb]
V  [jvm.dll+0x509f07]
V  [jvm.dll+0x509f07]
V  [jvm.dll+0x509f07]
V  [jvm.dll+0x509f07]
V  [jvm.dll+0x509f07]
V  [jvm.dll+0x509f07]
V  [jvm.dll+0x509f07]
V  [jvm.dll+0x509f07]
V  [jvm.dll+0x509f07]
V  [jvm.dll+0x509f07]
V  [jvm.dll+0x509f07]
V  [jvm.dll+0x509f07]
V  [jvm.dll+0x509f07]
V  [jvm.dll+0x509f07]
V  [jvm.dll+0x509f07]
V  [jvm.dll+0x509f07]
V  [jvm.dll+0x509f07]
V  [jvm.dll+0x509f07]
V  [jvm.dll+0x509f07]
V  [jvm.dll+0x509f07]
V  [jvm.dll+0x509f07]
V  [jvm.dll+0x509f07]
V  [jvm.dll+0x509f07]
V  [jvm.dll+0x509f07]
V  [jvm.dll+0x509f07]
V  [jvm.dll+0x509f07]
V  [jvm.dll+0x509f07]
V  [jvm.dll+0x509f07]
V  [jvm.dll+0x509f07]
V  [jvm.dll+0x509f07]
V  [jvm.dll+0x509f07]
V  [jvm.dll+0x509f07]
V  [jvm.dll+0x509f07]
V  [jvm.dll+0x509f07]
V  [jvm.dll+0x509f07]
V  [jvm.dll+0x509f07]
V  [jvm.dll+0x509f07]
V  [jvm.dll+0x509f07]
V  [jvm.dll+0x509f07]
V  [jvm.dll+0x509f07]
V  [jvm.dll+0x509f07]
V  [jvm.dll+0x509f07]
V  [jvm.dll+0x509f07]
V  [jvm.dll+0x509f07]
V  [jvm.dll+0x509f07]
V  [jvm.dll+0x509f07]
V  [jvm.dll+0x509f07]
V  [jvm.dll+0x509f07]
V  [jvm.dll+0x509f07]
V  [jvm.dll+0x509f07]
V  [jvm.dll+0x511978]
V  [jvm.dll+0x208303]
V  [jvm.dll+0x201fe0]
V  [jvm.dll+0x1ff71f]
V  [jvm.dll+0x18868c]
V  [jvm.dll+0x20e0d7]
V  [jvm.dll+0x20c901]
V  [jvm.dll+0x6f9b7f]
V  [jvm.dll+0x6f26a5]
V  [jvm.dll+0x5fabf6]
C  [ucrtbase.DLL+0x1cd70]
C  [kernel32.dll+0x1556d]
C  [ntdll.dll+0x5385d]


---------------  P R O C E S S  ---------------

Threads class SMR info:
_java_thread_list=0x0000000066cb8860, length=52, elements={
0x0000000000481800, 0x000000005d606800, 0x000000005d608800, 0x000000005d624000,
0x000000005d629000, 0x000000005d62d000, 0x000000005d632800, 0x000000005d635000,
0x000000005d647000, 0x000000005d647800, 0x000000005d648800, 0x000000005d649800,
0x000000005d64a000, 0x000000005d64b000, 0x000000005d64b800, 0x000000005d64c800,
0x000000005d64d800, 0x000000005d64e000, 0x000000005d650000, 0x000000005d650800,
0x000000005d651800, 0x000000005d652000, 0x000000005d653000, 0x000000005d654000,
0x000000005d654800, 0x000000005d655800, 0x00000000616d1000, 0x00000000616d2000,
0x00000000616d3000, 0x00000000616d3800, 0x00000000616d7000, 0x00000000616d7800,
0x000000005d64f000, 0x000000005f672800, 0x000000005f673800, 0x000000005f674000,
0x000000005f675000, 0x000000005f675800, 0x000000005f676800, 0x000000005f677800,
0x000000005f678000, 0x000000005f679000, 0x0000000063ba1000, 0x0000000063ba1800,
0x0000000063ba2800, 0x0000000063ba3800, 0x0000000063ba4000, 0x0000000063ba5000,
0x0000000063ba6000, 0x0000000063ba6800, 0x0000000063ba7800, 0x0000000063c92800
}

Java Threads: ( => current thread )
  0x0000000000481800 JavaThread "main" [_thread_blocked, id=4176, stack(0x0000000002250000,0x0000000002350000)]
  0x000000005d606800 JavaThread "Reference Handler" daemon [_thread_blocked, id=1524, stack(0x000000001ca90000,0x000000001cb90000)]
  0x000000005d608800 JavaThread "Finalizer" daemon [_thread_blocked, id=3664, stack(0x000000005d8f0000,0x000000005d9f0000)]
  0x000000005d624000 JavaThread "Signal Dispatcher" daemon [_thread_blocked, id=3596, stack(0x000000005dc80000,0x000000005dd80000)]
  0x000000005d629000 JavaThread "Attach Listener" daemon [_thread_blocked, id=2820, stack(0x000000005ddd0000,0x000000005ded0000)]
  0x000000005d62d000 JavaThread "Service Thread" daemon [_thread_blocked, id=4644, stack(0x000000005df40000,0x000000005e040000)]
=>0x000000005d632800 JavaThread "C2 CompilerThread0" daemon [_thread_in_native, id=4432, stack(0x000000005db60000,0x000000005dc60000)]
  0x000000005d635000 JavaThread "C1 CompilerThread0" daemon [_thread_blocked, id=4264, stack(0x000000005e1e0000,0x000000005e2e0000)]
  0x000000005d647000 JavaThread "Sweeper thread" daemon [_thread_blocked, id=660, stack(0x000000005e0a0000,0x000000005e1a0000)]
  0x000000005d647800 JavaThread "Common-Cleaner" daemon [_thread_blocked, id=3612, stack(0x000000005e750000,0x000000005e850000)]
  0x000000005d648800 JavaThread "Daemon health stats" [_thread_blocked, id=4212, stack(0x0000000061c00000,0x0000000061d00000)]
  0x000000005d649800 JavaThread "Incoming local TCP Connector on port 52349" [_thread_in_native, id=4868, stack(0x0000000061f90000,0x0000000062090000)]
  0x000000005d64a000 JavaThread "Daemon" [_thread_blocked, id=3924, stack(0x00000000623b0000,0x00000000624b0000)]
  0x000000005d64b000 JavaThread "Handler for socket connection from /127.0.0.1:52349 to /127.0.0.1:52350" [_thread_in_native, id=4652, stack(0x0000000062570000,0x0000000062670000)]
  0x000000005d64b800 JavaThread "Daemon periodic checks" [_thread_blocked, id=4804, stack(0x0000000062780000,0x0000000062880000)]
  0x000000005d64c800 JavaThread "Cancel handler" [_thread_blocked, id=4444, stack(0x0000000062a00000,0x0000000062b00000)]
  0x000000005d64d800 JavaThread "Daemon worker" [_thread_in_Java, id=4740, stack(0x0000000062670000,0x0000000062770000)]
  0x000000005d64e000 JavaThread "Asynchronous log dispatcher for DefaultDaemonConnection: socket connection from /127.0.0.1:52349 to /127.0.0.1:52350" [_thread_blocked, id=3344, stack(0x0000000062290000,0x0000000062390000)]
  0x000000005d650000 JavaThread "Daemon client event forwarder" [_thread_blocked, id=4036, stack(0x0000000062b00000,0x0000000062c00000)]
  0x000000005d650800 JavaThread "Cache worker for journal cache (C:\Users\zaur\.gradle\caches\journal-1)" [_thread_blocked, id=4940, stack(0x0000000062fc0000,0x00000000630c0000)]
  0x000000005d651800 JavaThread "File lock request listener" [_thread_in_native, id=3240, stack(0x0000000062880000,0x0000000062980000)]
  0x000000005d652000 JavaThread "Cache worker for file hash cache (C:\Users\zaur\.gradle\caches\7.5\fileHashes)" [_thread_blocked, id=2308, stack(0x00000000632f0000,0x00000000633f0000)]
  0x000000005d653000 JavaThread "jar transforms" [_thread_blocked, id=4492, stack(0x00000000649c0000,0x0000000064ac0000)]
  0x000000005d654000 JavaThread "jar transforms Thread 2" [_thread_blocked, id=3216, stack(0x0000000063820000,0x0000000063920000)]
  0x000000005d654800 JavaThread "Cache worker for checksums cache (C:\Users\zaur\AndroidStudioProjects\AppOne\.gradle\7.5\checksums)" [_thread_blocked, id=4128, stack(0x0000000064e10000,0x0000000064f10000)]
  0x000000005d655800 JavaThread "Cache worker for cache directory md-rule (C:\Users\zaur\.gradle\caches\7.5\md-rule)" [_thread_blocked, id=1220, stack(0x0000000064cd0000,0x0000000064dd0000)]
  0x00000000616d1000 JavaThread "Cache worker for file content cache (C:\Users\zaur\.gradle\caches\7.5\fileContent)" [_thread_blocked, id=1896, stack(0x00000000650e0000,0x00000000651e0000)]
  0x00000000616d2000 JavaThread "Cache worker for file hash cache (C:\Users\zaur\AndroidStudioProjects\AppOne\.gradle\7.5\fileHashes)" [_thread_blocked, id=3840, stack(0x00000000653e0000,0x00000000654e0000)]
  0x00000000616d3000 JavaThread "Cache worker for cache directory md-supplier (C:\Users\zaur\.gradle\caches\7.5\md-supplier)" [_thread_blocked, id=4012, stack(0x0000000064f20000,0x0000000065020000)]
  0x00000000616d3800 JavaThread "Cache worker for execution history cache (C:\Users\zaur\.gradle\caches\7.5\executionHistory)" [_thread_blocked, id=1920, stack(0x0000000065530000,0x0000000065630000)]
  0x00000000616d7000 JavaThread "Cache worker for dependencies-accessors (C:\Users\zaur\AndroidStudioProjects\AppOne\.gradle\7.5\dependencies-accessors)" [_thread_blocked, id=4840, stack(0x0000000068f20000,0x0000000069020000)]
  0x00000000616d7800 JavaThread "Cache worker for Build Output Cleanup Cache (C:\Users\zaur\AndroidStudioProjects\AppOne\.gradle\buildOutputCleanup)" [_thread_blocked, id=4244, stack(0x0000000067750000,0x0000000067850000)]
  0x000000005d64f000 JavaThread "Unconstrained build operations" [_thread_blocked, id=4912, stack(0x000000006a110000,0x000000006a210000)]
  0x000000005f672800 JavaThread "Unconstrained build operations Thread 2" [_thread_blocked, id=748, stack(0x000000006a2d0000,0x000000006a3d0000)]
  0x000000005f673800 JavaThread "Unconstrained build operations Thread 3" [_thread_blocked, id=4160, stack(0x000000006a4e0000,0x000000006a5e0000)]
  0x000000005f674000 JavaThread "Unconstrained build operations Thread 4" [_thread_blocked, id=2356, stack(0x0000000069040000,0x0000000069140000)]
  0x000000005f675000 JavaThread "Unconstrained build operations Thread 5" [_thread_blocked, id=1012, stack(0x000000006a3d0000,0x000000006a4d0000)]
  0x000000005f675800 JavaThread "Unconstrained build operations Thread 6" [_thread_blocked, id=1788, stack(0x000000006a6f0000,0x000000006a7f0000)]
  0x000000005f676800 JavaThread "Unconstrained build operations Thread 7" [_thread_blocked, id=5100, stack(0x000000006a900000,0x000000006aa00000)]
  0x000000005f677800 JavaThread "Unconstrained build operations Thread 8" [_thread_blocked, id=5008, stack(0x000000006ab00000,0x000000006ac00000)]
  0x000000005f678000 JavaThread "Unconstrained build operations Thread 9" [_thread_blocked, id=232, stack(0x000000006ad40000,0x000000006ae40000)]
  0x000000005f679000 JavaThread "Unconstrained build operations Thread 10" [_thread_blocked, id=2960, stack(0x000000006ac20000,0x000000006ad20000)]
  0x0000000063ba1000 JavaThread "Unconstrained build operations Thread 11" [_thread_blocked, id=4068, stack(0x000000006aa00000,0x000000006ab00000)]
  0x0000000063ba1800 JavaThread "Unconstrained build operations Thread 12" [_thread_blocked, id=2300, stack(0x000000006ae50000,0x000000006af50000)]
  0x0000000063ba2800 JavaThread "Unconstrained build operations Thread 13" [_thread_blocked, id=2388, stack(0x000000006b030000,0x000000006b130000)]
  0x0000000063ba3800 JavaThread "Unconstrained build operations Thread 14" [_thread_blocked, id=4684, stack(0x000000006b220000,0x000000006b320000)]
  0x0000000063ba4000 JavaThread "Unconstrained build operations Thread 15" [_thread_blocked, id=3304, stack(0x000000006b380000,0x000000006b480000)]
  0x0000000063ba5000 JavaThread "Unconstrained build operations Thread 16" [_thread_blocked, id=3868, stack(0x0000000066280000,0x0000000066380000)]
  0x0000000063ba6000 JavaThread "Unconstrained build operations Thread 17" [_thread_blocked, id=3812, stack(0x000000006b530000,0x000000006b630000)]
  0x0000000063ba6800 JavaThread "Unconstrained build operations Thread 18" [_thread_blocked, id=4688, stack(0x000000006b740000,0x000000006b840000)]
  0x0000000063ba7800 JavaThread "Unconstrained build operations Thread 19" [_thread_blocked, id=4416, stack(0x000000006b990000,0x000000006ba90000)]
  0x0000000063c92800 JavaThread "Unconstrained build operations Thread 20" [_thread_blocked, id=3960, stack(0x000000006b880000,0x000000006b980000)]

Other Threads:
  0x000000005d600800 VMThread "VM Thread" [stack: 0x000000005d770000,0x000000005d870000] [id=1480]
  0x000000005e3a4800 WatcherThread [stack: 0x000000005e900000,0x000000005ea00000] [id=3788]
  0x000000000049a800 GCTaskThread "GC Thread#0" [stack: 0x0000000015510000,0x0000000015610000] [id=2796]
  0x000000005e46d000 GCTaskThread "GC Thread#1" [stack: 0x000000005ec60000,0x000000005ed60000] [id=4656]
  0x00000000004cc000 ConcurrentGCThread "G1 Main Marker" [stack: 0x000000001a3c0000,0x000000001a4c0000] [id=3972]
  0x00000000004cd800 ConcurrentGCThread "G1 Conc#0" [stack: 0x000000001a620000,0x000000001a720000] [id=5044]
  0x000000001c842800 ConcurrentGCThread "G1 Refine#0" [stack: 0x000000001c960000,0x000000001ca60000] [id=4232]
  0x000000000051f000 ConcurrentGCThread "G1 Young RemSet Sampling" [stack: 0x000000001cc20000,0x000000001cd20000] [id=4832]

Threads with active compile tasks:
C2 CompilerThread0  89608 10707       4       java.net.URI$Parser::parse (243 bytes)

VM state:not at safepoint (normal execution)

VM Mutex/Monitor currently owned by a thread: None

Heap address: 0x0000000080000000, size: 2048 MB, Compressed Oops mode: 32-bit
Narrow klass base: 0x0000000000000000, Narrow klass shift: 0
Compressed class space size: 1073741824 Address: 0x000000001cd20000

Heap:
 garbage-first heap   total 285696K, used 190738K [0x0000000080000000, 0x0000000100000000)
  region size 1024K, 113 young (115712K), 4 survivors (4096K)
 Metaspace       used 69054K, capacity 70884K, committed 71164K, reserved 1112064K
  class space    used 8588K, capacity 9238K, committed 9344K, reserved 1048576K
Heap Regions: E=young(eden), S=young(survivor), O=old, HS=humongous(starts), HC=humongous(continues), CS=collection set, F=free, A=archive, TAMS=top-at-mark-start (previous, next)
|   0|0x0000000080000000, 0x0000000080100000, 0x0000000080100000|100%| O|  |TAMS 0x0000000080100000, 0x0000000080000000| Untracked 
|   1|0x0000000080100000, 0x0000000080200000, 0x0000000080200000|100%| O|  |TAMS 0x0000000080200000, 0x0000000080100000| Untracked 
|   2|0x0000000080200000, 0x0000000080300000, 0x0000000080300000|100%| O|  |TAMS 0x0000000080300000, 0x0000000080200000| Untracked 
|   3|0x0000000080300000, 0x0000000080400000, 0x0000000080400000|100%| O|  |TAMS 0x0000000080400000, 0x0000000080300000| Untracked 
|   4|0x0000000080400000, 0x0000000080500000, 0x0000000080500000|100%|HS|  |TAMS 0x0000000080500000, 0x0000000080400000| Complete 
|   5|0x0000000080500000, 0x0000000080600000, 0x0000000080600000|100%|HC|  |TAMS 0x0000000080600000, 0x0000000080500000| Complete 
|   6|0x0000000080600000, 0x0000000080700000, 0x0000000080700000|100%|HC|  |TAMS 0x0000000080700000, 0x0000000080600000| Complete 
|   7|0x0000000080700000, 0x0000000080800000, 0x0000000080800000|100%| O|  |TAMS 0x0000000080800000, 0x0000000080700000| Untracked 
|   8|0x0000000080800000, 0x0000000080900000, 0x0000000080900000|100%| O|  |TAMS 0x0000000080900000, 0x0000000080800000| Untracked 
|   9|0x0000000080900000, 0x0000000080a00000, 0x0000000080a00000|100%| O|  |TAMS 0x0000000080a00000, 0x0000000080900000| Untracked 
|  10|0x0000000080a00000, 0x0000000080b00000, 0x0000000080b00000|100%| O|  |TAMS 0x0000000080b00000, 0x0000000080a00000| Untracked 
|  11|0x0000000080b00000, 0x0000000080c00000, 0x0000000080c00000|100%| O|  |TAMS 0x0000000080c00000, 0x0000000080b00000| Untracked 
|  12|0x0000000080c00000, 0x0000000080d00000, 0x0000000080d00000|100%| O|  |TAMS 0x0000000080d00000, 0x0000000080c00000| Untracked 
|  13|0x0000000080d00000, 0x0000000080e00000, 0x0000000080e00000|100%| O|  |TAMS 0x0000000080e00000, 0x0000000080d00000| Untracked 
|  14|0x0000000080e00000, 0x0000000080f00000, 0x0000000080f00000|100%| O|  |TAMS 0x0000000080f00000, 0x0000000080e00000| Untracked 
|  15|0x0000000080f00000, 0x0000000081000000, 0x0000000081000000|100%| O|  |TAMS 0x0000000081000000, 0x0000000080f00000| Untracked 
|  16|0x0000000081000000, 0x0000000081100000, 0x0000000081100000|100%| O|  |TAMS 0x0000000081100000, 0x0000000081000000| Untracked 
|  17|0x0000000081100000, 0x0000000081200000, 0x0000000081200000|100%|HS|  |TAMS 0x0000000081200000, 0x0000000081100000| Complete 
|  18|0x0000000081200000, 0x0000000081300000, 0x0000000081300000|100%|HC|  |TAMS 0x0000000081300000, 0x0000000081200000| Complete 
|  19|0x0000000081300000, 0x0000000081400000, 0x0000000081400000|100%|HS|  |TAMS 0x0000000081400000, 0x0000000081300000| Complete 
|  20|0x0000000081400000, 0x0000000081500000, 0x0000000081500000|100%|HC|  |TAMS 0x0000000081500000, 0x0000000081400000| Complete 
|  21|0x0000000081500000, 0x0000000081600000, 0x0000000081600000|100%|HC|  |TAMS 0x0000000081600000, 0x0000000081500000| Complete 
|  22|0x0000000081600000, 0x0000000081700000, 0x0000000081700000|100%|HS|  |TAMS 0x0000000081700000, 0x0000000081600000| Complete 
|  23|0x0000000081700000, 0x0000000081800000, 0x0000000081800000|100%|HS|  |TAMS 0x0000000081800000, 0x0000000081700000| Complete 
|  24|0x0000000081800000, 0x0000000081900000, 0x0000000081900000|100%|HC|  |TAMS 0x0000000081900000, 0x0000000081800000| Complete 
|  25|0x0000000081900000, 0x0000000081a00000, 0x0000000081a00000|100%|HC|  |TAMS 0x0000000081a00000, 0x0000000081900000| Complete 
|  26|0x0000000081a00000, 0x0000000081b00000, 0x0000000081b00000|100%|HC|  |TAMS 0x0000000081b00000, 0x0000000081a00000| Complete 
|  27|0x0000000081b00000, 0x0000000081c00000, 0x0000000081c00000|100%| O|  |TAMS 0x0000000081c00000, 0x0000000081b00000| Untracked 
|  28|0x0000000081c00000, 0x0000000081d00000, 0x0000000081d00000|100%| O|  |TAMS 0x0000000081d00000, 0x0000000081c00000| Untracked 
|  29|0x0000000081d00000, 0x0000000081e00000, 0x0000000081e00000|100%| O|  |TAMS 0x0000000081e00000, 0x0000000081d00000| Untracked 
|  30|0x0000000081e00000, 0x0000000081f00000, 0x0000000081f00000|100%| O|  |TAMS 0x0000000081f00000, 0x0000000081e00000| Untracked 
|  31|0x0000000081f00000, 0x0000000082000000, 0x0000000082000000|100%| O|  |TAMS 0x0000000082000000, 0x0000000081f00000| Untracked 
|  32|0x0000000082000000, 0x0000000082100000, 0x0000000082100000|100%| O|  |TAMS 0x0000000082100000, 0x0000000082000000| Untracked 
|  33|0x0000000082100000, 0x0000000082200000, 0x0000000082200000|100%| O|  |TAMS 0x0000000082200000, 0x0000000082100000| Untracked 
|  34|0x0000000082200000, 0x0000000082300000, 0x0000000082300000|100%| O|  |TAMS 0x0000000082300000, 0x0000000082200000| Untracked 
|  35|0x0000000082300000, 0x0000000082400000, 0x0000000082400000|100%| O|  |TAMS 0x0000000082400000, 0x0000000082300000| Untracked 
|  36|0x0000000082400000, 0x0000000082500000, 0x0000000082500000|100%| O|  |TAMS 0x0000000082500000, 0x0000000082400000| Untracked 
|  37|0x0000000082500000, 0x0000000082600000, 0x0000000082600000|100%| O|  |TAMS 0x0000000082600000, 0x0000000082500000| Untracked 
|  38|0x0000000082600000, 0x0000000082700000, 0x0000000082700000|100%| O|  |TAMS 0x0000000082700000, 0x0000000082600000| Untracked 
|  39|0x0000000082700000, 0x0000000082800000, 0x0000000082800000|100%| O|  |TAMS 0x0000000082800000, 0x0000000082700000| Untracked 
|  40|0x0000000082800000, 0x0000000082900000, 0x0000000082900000|100%| O|  |TAMS 0x0000000082900000, 0x0000000082800000| Untracked 
|  41|0x0000000082900000, 0x0000000082a00000, 0x0000000082a00000|100%| O|  |TAMS 0x0000000082a00000, 0x0000000082900000| Untracked 
|  42|0x0000000082a00000, 0x0000000082b00000, 0x0000000082b00000|100%|HS|  |TAMS 0x0000000082a00000, 0x0000000082a00000| Complete 
|  43|0x0000000082b00000, 0x0000000082c00000, 0x0000000082c00000|100%|HC|  |TAMS 0x0000000082b00000, 0x0000000082b00000| Complete 
|  44|0x0000000082c00000, 0x0000000082d00000, 0x0000000082d00000|100%|HC|  |TAMS 0x0000000082c00000, 0x0000000082c00000| Complete 
|  45|0x0000000082d00000, 0x0000000082e00000, 0x0000000082e00000|100%|HC|  |TAMS 0x0000000082d00000, 0x0000000082d00000| Complete 
|  46|0x0000000082e00000, 0x0000000082f00000, 0x0000000082f00000|100%| O|  |TAMS 0x0000000082f00000, 0x0000000082e00000| Untracked 
|  47|0x0000000082f00000, 0x0000000083000000, 0x0000000083000000|100%| O|  |TAMS 0x0000000082f00000, 0x0000000082f00000| Untracked 
|  48|0x0000000083000000, 0x0000000083100000, 0x0000000083100000|100%| O|  |TAMS 0x0000000083100000, 0x0000000083000000| Untracked 
|  49|0x0000000083100000, 0x0000000083200000, 0x0000000083200000|100%| O|  |TAMS 0x0000000083200000, 0x0000000083100000| Untracked 
|  50|0x0000000083200000, 0x0000000083300000, 0x0000000083300000|100%| O|  |TAMS 0x0000000083300000, 0x0000000083200000| Untracked 
|  51|0x0000000083300000, 0x0000000083400000, 0x0000000083400000|100%| O|  |TAMS 0x0000000083300000, 0x0000000083300000| Untracked 
|  52|0x0000000083400000, 0x0000000083500000, 0x0000000083500000|100%| O|  |TAMS 0x00000000834dba00, 0x0000000083400000| Untracked 
|  53|0x0000000083500000, 0x0000000083600000, 0x0000000083600000|100%| O|  |TAMS 0x0000000083500000, 0x0000000083500000| Untracked 
|  54|0x0000000083600000, 0x0000000083700000, 0x0000000083700000|100%| O|  |TAMS 0x0000000083600000, 0x0000000083600000| Untracked 
|  55|0x0000000083700000, 0x0000000083800000, 0x0000000083800000|100%| O|  |TAMS 0x0000000083700000, 0x0000000083700000| Untracked 
|  56|0x0000000083800000, 0x0000000083900000, 0x0000000083900000|100%| O|  |TAMS 0x0000000083800000, 0x0000000083800000| Untracked 
|  57|0x0000000083900000, 0x0000000083a00000, 0x0000000083a00000|100%| O|  |TAMS 0x0000000083900000, 0x0000000083900000| Untracked 
|  58|0x0000000083a00000, 0x0000000083b00000, 0x0000000083b00000|100%| O|  |TAMS 0x0000000083a00000, 0x0000000083a00000| Untracked 
|  59|0x0000000083b00000, 0x0000000083c00000, 0x0000000083c00000|100%|HS|  |TAMS 0x0000000083b00000, 0x0000000083b00000| Complete 
|  60|0x0000000083c00000, 0x0000000083d00000, 0x0000000083d00000|100%| O|  |TAMS 0x0000000083c00000, 0x0000000083c00000| Untracked 
|  61|0x0000000083d00000, 0x0000000083e00000, 0x0000000083e00000|100%| O|  |TAMS 0x0000000083d00000, 0x0000000083d00000| Untracked 
|  62|0x0000000083e00000, 0x0000000083f00000, 0x0000000083f00000|100%| O|  |TAMS 0x0000000083e00000, 0x0000000083e00000| Untracked 
|  63|0x0000000083f00000, 0x0000000084000000, 0x0000000084000000|100%| O|  |TAMS 0x0000000083f00000, 0x0000000083f00000| Untracked 
|  64|0x0000000084000000, 0x0000000084100000, 0x0000000084100000|100%| O|  |TAMS 0x0000000084000000, 0x0000000084000000| Untracked 
|  65|0x0000000084100000, 0x0000000084200000, 0x0000000084200000|100%| O|  |TAMS 0x0000000084100000, 0x0000000084100000| Untracked 
|  66|0x0000000084200000, 0x0000000084300000, 0x0000000084300000|100%|HS|  |TAMS 0x0000000084200000, 0x0000000084200000| Complete 
|  67|0x0000000084300000, 0x0000000084400000, 0x0000000084400000|100%|HC|  |TAMS 0x0000000084300000, 0x0000000084300000| Complete 
|  68|0x0000000084400000, 0x0000000084500000, 0x0000000084500000|100%|HC|  |TAMS 0x0000000084400000, 0x0000000084400000| Complete 
|  69|0x0000000084500000, 0x0000000084600000, 0x0000000084600000|100%| O|  |TAMS 0x0000000084500000, 0x0000000084500000| Untracked 
|  70|0x0000000084600000, 0x0000000084700000, 0x0000000084700000|100%| O|  |TAMS 0x0000000084600000, 0x0000000084600000| Untracked 
|  71|0x0000000084700000, 0x0000000084800000, 0x0000000084800000|100%| O|  |TAMS 0x0000000084700000, 0x0000000084700000| Untracked 
|  72|0x0000000084800000, 0x0000000084900000, 0x0000000084900000|100%| O|  |TAMS 0x0000000084800000, 0x0000000084800000| Untracked 
|  73|0x0000000084900000, 0x0000000084a00000, 0x0000000084a00000|100%| O|  |TAMS 0x0000000084900000, 0x0000000084900000| Untracked 
|  74|0x0000000084a00000, 0x0000000084b00000, 0x0000000084b00000|100%| O|  |TAMS 0x0000000084a00000, 0x0000000084a00000| Untracked 
|  75|0x0000000084b00000, 0x0000000084bc4a00, 0x0000000084c00000| 76%| O|  |TAMS 0x0000000084b00000, 0x0000000084b00000| Untracked 
|  76|0x0000000084c00000, 0x0000000084c00000, 0x0000000084d00000|  0%| F|  |TAMS 0x0000000084c00000, 0x0000000084c00000| Untracked 
|  77|0x0000000084d00000, 0x0000000084d00000, 0x0000000084e00000|  0%| F|  |TAMS 0x0000000084d00000, 0x0000000084d00000| Untracked 
|  78|0x0000000084e00000, 0x0000000084e00000, 0x0000000084f00000|  0%| F|  |TAMS 0x0000000084e00000, 0x0000000084e00000| Untracked 
|  79|0x0000000084f00000, 0x0000000084f00000, 0x0000000085000000|  0%| F|  |TAMS 0x0000000084f00000, 0x0000000084f00000| Untracked 
|  80|0x0000000085000000, 0x0000000085000000, 0x0000000085100000|  0%| F|  |TAMS 0x0000000085000000, 0x0000000085000000| Untracked 
|  81|0x0000000085100000, 0x0000000085100000, 0x0000000085200000|  0%| F|  |TAMS 0x0000000085100000, 0x0000000085100000| Untracked 
|  82|0x0000000085200000, 0x0000000085200000, 0x0000000085300000|  0%| F|  |TAMS 0x0000000085200000, 0x0000000085200000| Untracked 
|  83|0x0000000085300000, 0x0000000085300000, 0x0000000085400000|  0%| F|  |TAMS 0x0000000085300000, 0x0000000085300000| Untracked 
|  84|0x0000000085400000, 0x0000000085400000, 0x0000000085500000|  0%| F|  |TAMS 0x0000000085400000, 0x0000000085400000| Untracked 
|  85|0x0000000085500000, 0x0000000085500000, 0x0000000085600000|  0%| F|  |TAMS 0x0000000085500000, 0x0000000085500000| Untracked 
|  86|0x0000000085600000, 0x0000000085600000, 0x0000000085700000|  0%| F|  |TAMS 0x0000000085600000, 0x0000000085600000| Untracked 
|  87|0x0000000085700000, 0x0000000085700000, 0x0000000085800000|  0%| F|  |TAMS 0x0000000085700000, 0x0000000085700000| Untracked 
|  88|0x0000000085800000, 0x0000000085800000, 0x0000000085900000|  0%| F|  |TAMS 0x0000000085800000, 0x0000000085800000| Untracked 
|  89|0x0000000085900000, 0x0000000085900000, 0x0000000085a00000|  0%| F|  |TAMS 0x0000000085900000, 0x0000000085900000| Untracked 
|  90|0x0000000085a00000, 0x0000000085a00000, 0x0000000085b00000|  0%| F|  |TAMS 0x0000000085a00000, 0x0000000085a00000| Untracked 
|  91|0x0000000085b00000, 0x0000000085b00000, 0x0000000085c00000|  0%| F|  |TAMS 0x0000000085b00000, 0x0000000085b00000| Untracked 
|  92|0x0000000085c00000, 0x0000000085c00000, 0x0000000085d00000|  0%| F|  |TAMS 0x0000000085c00000, 0x0000000085c00000| Untracked 
|  93|0x0000000085d00000, 0x0000000085d00000, 0x0000000085e00000|  0%| F|  |TAMS 0x0000000085d00000, 0x0000000085d00000| Untracked 
|  94|0x0000000085e00000, 0x0000000085e00000, 0x0000000085f00000|  0%| F|  |TAMS 0x0000000085e00000, 0x0000000085e00000| Untracked 
|  95|0x0000000085f00000, 0x0000000085f00000, 0x0000000086000000|  0%| F|  |TAMS 0x0000000085f00000, 0x0000000085f00000| Untracked 
|  96|0x0000000086000000, 0x0000000086000000, 0x0000000086100000|  0%| F|  |TAMS 0x0000000086000000, 0x0000000086000000| Untracked 
|  97|0x0000000086100000, 0x0000000086100000, 0x0000000086200000|  0%| F|  |TAMS 0x0000000086100000, 0x0000000086100000| Untracked 
|  98|0x0000000086200000, 0x0000000086200000, 0x0000000086300000|  0%| F|  |TAMS 0x0000000086200000, 0x0000000086200000| Untracked 
|  99|0x0000000086300000, 0x0000000086300000, 0x0000000086400000|  0%| F|  |TAMS 0x0000000086300000, 0x0000000086300000| Untracked 
| 100|0x0000000086400000, 0x0000000086400000, 0x0000000086500000|  0%| F|  |TAMS 0x0000000086400000, 0x0000000086400000| Untracked 
| 101|0x0000000086500000, 0x0000000086500000, 0x0000000086600000|  0%| F|  |TAMS 0x0000000086500000, 0x0000000086500000| Untracked 
| 102|0x0000000086600000, 0x0000000086600000, 0x0000000086700000|  0%| F|  |TAMS 0x0000000086600000, 0x0000000086600000| Untracked 
| 103|0x0000000086700000, 0x0000000086700000, 0x0000000086800000|  0%| F|  |TAMS 0x0000000086700000, 0x0000000086700000| Untracked 
| 104|0x0000000086800000, 0x0000000086800000, 0x0000000086900000|  0%| F|  |TAMS 0x0000000086800000, 0x0000000086800000| Untracked 
| 105|0x0000000086900000, 0x0000000086900000, 0x0000000086a00000|  0%| F|  |TAMS 0x0000000086900000, 0x0000000086900000| Untracked 
| 106|0x0000000086a00000, 0x0000000086a00000, 0x0000000086b00000|  0%| F|  |TAMS 0x0000000086a00000, 0x0000000086a00000| Untracked 
| 107|0x0000000086b00000, 0x0000000086b00000, 0x0000000086c00000|  0%| F|  |TAMS 0x0000000086b00000, 0x0000000086b00000| Untracked 
| 108|0x0000000086c00000, 0x0000000086c00000, 0x0000000086d00000|  0%| F|  |TAMS 0x0000000086c00000, 0x0000000086c00000| Untracked 
| 109|0x0000000086d00000, 0x0000000086d00000, 0x0000000086e00000|  0%| F|  |TAMS 0x0000000086d00000, 0x0000000086d00000| Untracked 
| 110|0x0000000086e00000, 0x0000000086e00000, 0x0000000086f00000|  0%| F|  |TAMS 0x0000000086e00000, 0x0000000086e00000| Untracked 
| 111|0x0000000086f00000, 0x0000000086f00000, 0x0000000087000000|  0%| F|  |TAMS 0x0000000086f00000, 0x0000000086f00000| Untracked 
| 112|0x0000000087000000, 0x0000000087000000, 0x0000000087100000|  0%| F|  |TAMS 0x0000000087000000, 0x0000000087000000| Untracked 
| 113|0x0000000087100000, 0x0000000087100000, 0x0000000087200000|  0%| F|  |TAMS 0x0000000087100000, 0x0000000087100000| Untracked 
| 114|0x0000000087200000, 0x0000000087200000, 0x0000000087300000|  0%| F|  |TAMS 0x0000000087200000, 0x0000000087200000| Untracked 
| 115|0x0000000087300000, 0x0000000087300000, 0x0000000087400000|  0%| F|  |TAMS 0x0000000087300000, 0x0000000087300000| Untracked 
| 116|0x0000000087400000, 0x0000000087400000, 0x0000000087500000|  0%| F|  |TAMS 0x0000000087400000, 0x0000000087400000| Untracked 
| 117|0x0000000087500000, 0x0000000087500000, 0x0000000087600000|  0%| F|  |TAMS 0x0000000087500000, 0x0000000087500000| Untracked 
| 118|0x0000000087600000, 0x0000000087600000, 0x0000000087700000|  0%| F|  |TAMS 0x0000000087600000, 0x0000000087600000| Untracked 
| 119|0x0000000087700000, 0x0000000087700000, 0x0000000087800000|  0%| F|  |TAMS 0x0000000087700000, 0x0000000087700000| Untracked 
| 120|0x0000000087800000, 0x0000000087800000, 0x0000000087900000|  0%| F|  |TAMS 0x0000000087800000, 0x0000000087800000| Untracked 
| 121|0x0000000087900000, 0x0000000087900000, 0x0000000087a00000|  0%| F|  |TAMS 0x0000000087900000, 0x0000000087900000| Untracked 
| 122|0x0000000087a00000, 0x0000000087a00000, 0x0000000087b00000|  0%| F|  |TAMS 0x0000000087a00000, 0x0000000087a00000| Untracked 
| 123|0x0000000087b00000, 0x0000000087b00000, 0x0000000087c00000|  0%| F|  |TAMS 0x0000000087b00000, 0x0000000087b00000| Untracked 
| 124|0x0000000087c00000, 0x0000000087c00000, 0x0000000087d00000|  0%| F|  |TAMS 0x0000000087c00000, 0x0000000087c00000| Untracked 
| 125|0x0000000087d00000, 0x0000000087d00000, 0x0000000087e00000|  0%| F|  |TAMS 0x0000000087d00000, 0x0000000087d00000| Untracked 
| 126|0x0000000087e00000, 0x0000000087e00000, 0x0000000087f00000|  0%| F|  |TAMS 0x0000000087e00000, 0x0000000087e00000| Untracked 
| 127|0x0000000087f00000, 0x0000000087f00000, 0x0000000088000000|  0%| F|  |TAMS 0x0000000087f00000, 0x0000000087f00000| Untracked 
| 128|0x0000000088000000, 0x0000000088000000, 0x0000000088100000|  0%| F|  |TAMS 0x0000000088000000, 0x0000000088000000| Untracked 
| 129|0x0000000088100000, 0x0000000088100000, 0x0000000088200000|  0%| F|  |TAMS 0x0000000088100000, 0x0000000088100000| Untracked 
| 130|0x0000000088200000, 0x0000000088200000, 0x0000000088300000|  0%| F|  |TAMS 0x0000000088200000, 0x0000000088200000| Untracked 
| 131|0x0000000088300000, 0x0000000088300000, 0x0000000088400000|  0%| F|  |TAMS 0x0000000088300000, 0x0000000088300000| Untracked 
| 132|0x0000000088400000, 0x0000000088400000, 0x0000000088500000|  0%| F|  |TAMS 0x0000000088400000, 0x0000000088400000| Untracked 
| 133|0x0000000088500000, 0x0000000088500000, 0x0000000088600000|  0%| F|  |TAMS 0x0000000088500000, 0x0000000088500000| Untracked 
| 134|0x0000000088600000, 0x0000000088600000, 0x0000000088700000|  0%| F|  |TAMS 0x0000000088600000, 0x0000000088600000| Untracked 
| 135|0x0000000088700000, 0x0000000088700000, 0x0000000088800000|  0%| F|  |TAMS 0x0000000088700000, 0x0000000088700000| Untracked 
| 136|0x0000000088800000, 0x0000000088800000, 0x0000000088900000|  0%| F|  |TAMS 0x0000000088800000, 0x0000000088800000| Untracked 
| 137|0x0000000088900000, 0x0000000088900000, 0x0000000088a00000|  0%| F|  |TAMS 0x0000000088900000, 0x0000000088900000| Untracked 
| 138|0x0000000088a00000, 0x0000000088a00000, 0x0000000088b00000|  0%| F|  |TAMS 0x0000000088a00000, 0x0000000088a00000| Untracked 
| 139|0x0000000088b00000, 0x0000000088b00000, 0x0000000088c00000|  0%| F|  |TAMS 0x0000000088b00000, 0x0000000088b00000| Untracked 
| 140|0x0000000088c00000, 0x0000000088c00000, 0x0000000088d00000|  0%| F|  |TAMS 0x0000000088c00000, 0x0000000088c00000| Untracked 
| 141|0x0000000088d00000, 0x0000000088d00000, 0x0000000088e00000|  0%| F|  |TAMS 0x0000000088d00000, 0x0000000088d00000| Untracked 
| 142|0x0000000088e00000, 0x0000000088e00000, 0x0000000088f00000|  0%| F|  |TAMS 0x0000000088e00000, 0x0000000088e00000| Untracked 
| 143|0x0000000088f00000, 0x0000000088f00000, 0x0000000089000000|  0%| F|  |TAMS 0x0000000088f00000, 0x0000000088f00000| Untracked 
| 144|0x0000000089000000, 0x0000000089000000, 0x0000000089100000|  0%| F|  |TAMS 0x0000000089000000, 0x0000000089000000| Untracked 
| 145|0x0000000089100000, 0x0000000089100000, 0x0000000089200000|  0%| F|  |TAMS 0x0000000089100000, 0x0000000089100000| Untracked 
| 146|0x0000000089200000, 0x0000000089200000, 0x0000000089300000|  0%| F|  |TAMS 0x0000000089200000, 0x0000000089200000| Untracked 
| 147|0x0000000089300000, 0x0000000089300000, 0x0000000089400000|  0%| F|  |TAMS 0x0000000089300000, 0x0000000089300000| Untracked 
| 148|0x0000000089400000, 0x0000000089400000, 0x0000000089500000|  0%| F|  |TAMS 0x0000000089400000, 0x0000000089400000| Untracked 
| 149|0x0000000089500000, 0x0000000089500000, 0x0000000089600000|  0%| F|  |TAMS 0x0000000089500000, 0x0000000089500000| Untracked 
| 150|0x0000000089600000, 0x0000000089600000, 0x0000000089700000|  0%| F|  |TAMS 0x0000000089600000, 0x0000000089600000| Untracked 
| 151|0x0000000089700000, 0x0000000089700000, 0x0000000089800000|  0%| F|  |TAMS 0x0000000089700000, 0x0000000089700000| Untracked 
| 152|0x0000000089800000, 0x0000000089800000, 0x0000000089900000|  0%| F|  |TAMS 0x0000000089800000, 0x0000000089800000| Untracked 
| 153|0x0000000089900000, 0x0000000089900000, 0x0000000089a00000|  0%| F|  |TAMS 0x0000000089900000, 0x0000000089900000| Untracked 
| 154|0x0000000089a00000, 0x0000000089a00000, 0x0000000089b00000|  0%| F|  |TAMS 0x0000000089a00000, 0x0000000089a00000| Untracked 
| 155|0x0000000089b00000, 0x0000000089b00000, 0x0000000089c00000|  0%| F|  |TAMS 0x0000000089b00000, 0x0000000089b00000| Untracked 
| 156|0x0000000089c00000, 0x0000000089c00000, 0x0000000089d00000|  0%| F|  |TAMS 0x0000000089c00000, 0x0000000089c00000| Untracked 
| 157|0x0000000089d00000, 0x0000000089d00000, 0x0000000089e00000|  0%| F|  |TAMS 0x0000000089d00000, 0x0000000089d00000| Untracked 
| 158|0x0000000089e00000, 0x0000000089e00000, 0x0000000089f00000|  0%| F|  |TAMS 0x0000000089e00000, 0x0000000089e00000| Untracked 
| 159|0x0000000089f00000, 0x0000000089f00000, 0x000000008a000000|  0%| F|  |TAMS 0x0000000089f00000, 0x0000000089f00000| Untracked 
| 160|0x000000008a000000, 0x000000008a000000, 0x000000008a100000|  0%| F|  |TAMS 0x000000008a000000, 0x000000008a000000| Untracked 
| 161|0x000000008a100000, 0x000000008a100000, 0x000000008a200000|  0%| F|  |TAMS 0x000000008a100000, 0x000000008a100000| Untracked 
| 162|0x000000008a200000, 0x000000008a200000, 0x000000008a300000|  0%| F|  |TAMS 0x000000008a200000, 0x000000008a200000| Untracked 
| 163|0x000000008a300000, 0x000000008a300000, 0x000000008a400000|  0%| F|  |TAMS 0x000000008a300000, 0x000000008a300000| Untracked 
| 164|0x000000008a400000, 0x000000008a400000, 0x000000008a500000|  0%| F|  |TAMS 0x000000008a400000, 0x000000008a400000| Untracked 
| 165|0x000000008a500000, 0x000000008a500000, 0x000000008a600000|  0%| F|  |TAMS 0x000000008a500000, 0x000000008a500000| Untracked 
| 166|0x000000008a600000, 0x000000008a672130, 0x000000008a700000| 44%| E|  |TAMS 0x000000008a600000, 0x000000008a600000| Complete 
| 167|0x000000008a700000, 0x000000008a800000, 0x000000008a800000|100%| E|CS|TAMS 0x000000008a700000, 0x000000008a700000| Complete 
| 168|0x000000008a800000, 0x000000008a900000, 0x000000008a900000|100%| E|CS|TAMS 0x000000008a800000, 0x000000008a800000| Complete 
| 169|0x000000008a900000, 0x000000008aa00000, 0x000000008aa00000|100%| E|CS|TAMS 0x000000008a900000, 0x000000008a900000| Complete 
| 170|0x000000008aa00000, 0x000000008ab00000, 0x000000008ab00000|100%| E|CS|TAMS 0x000000008aa00000, 0x000000008aa00000| Complete 
| 171|0x000000008ab00000, 0x000000008ac00000, 0x000000008ac00000|100%| E|CS|TAMS 0x000000008ab00000, 0x000000008ab00000| Complete 
| 172|0x000000008ac00000, 0x000000008ad00000, 0x000000008ad00000|100%| E|CS|TAMS 0x000000008ac00000, 0x000000008ac00000| Complete 
| 173|0x000000008ad00000, 0x000000008ae00000, 0x000000008ae00000|100%| E|CS|TAMS 0x000000008ad00000, 0x000000008ad00000| Complete 
| 174|0x000000008ae00000, 0x000000008af00000, 0x000000008af00000|100%| E|CS|TAMS 0x000000008ae00000, 0x000000008ae00000| Complete 
| 175|0x000000008af00000, 0x000000008af80000, 0x000000008b000000| 50%| S|CS|TAMS 0x000000008af00000, 0x000000008af00000| Complete 
| 176|0x000000008b000000, 0x000000008b100000, 0x000000008b100000|100%| S|CS|TAMS 0x000000008b000000, 0x000000008b000000| Complete 
| 177|0x000000008b100000, 0x000000008b200000, 0x000000008b200000|100%| S|CS|TAMS 0x000000008b100000, 0x000000008b100000| Complete 
| 178|0x000000008b200000, 0x000000008b300000, 0x000000008b300000|100%| S|CS|TAMS 0x000000008b200000, 0x000000008b200000| Complete 
| 179|0x000000008b300000, 0x000000008b400000, 0x000000008b400000|100%| E|CS|TAMS 0x000000008b300000, 0x000000008b300000| Complete 
| 180|0x000000008b400000, 0x000000008b500000, 0x000000008b500000|100%| E|CS|TAMS 0x000000008b400000, 0x000000008b400000| Complete 
| 181|0x000000008b500000, 0x000000008b600000, 0x000000008b600000|100%| E|CS|TAMS 0x000000008b500000, 0x000000008b500000| Complete 
| 182|0x000000008b600000, 0x000000008b700000, 0x000000008b700000|100%| E|CS|TAMS 0x000000008b600000, 0x000000008b600000| Complete 
| 183|0x000000008b700000, 0x000000008b800000, 0x000000008b800000|100%| E|CS|TAMS 0x000000008b700000, 0x000000008b700000| Complete 
| 184|0x000000008b800000, 0x000000008b900000, 0x000000008b900000|100%| E|CS|TAMS 0x000000008b800000, 0x000000008b800000| Complete 
| 185|0x000000008b900000, 0x000000008ba00000, 0x000000008ba00000|100%| E|CS|TAMS 0x000000008b900000, 0x000000008b900000| Complete 
| 186|0x000000008ba00000, 0x000000008bb00000, 0x000000008bb00000|100%| E|CS|TAMS 0x000000008ba00000, 0x000000008ba00000| Complete 
| 187|0x000000008bb00000, 0x000000008bc00000, 0x000000008bc00000|100%| E|CS|TAMS 0x000000008bb00000, 0x000000008bb00000| Complete 
| 188|0x000000008bc00000, 0x000000008bd00000, 0x000000008bd00000|100%| E|CS|TAMS 0x000000008bc00000, 0x000000008bc00000| Complete 
| 189|0x000000008bd00000, 0x000000008be00000, 0x000000008be00000|100%| E|CS|TAMS 0x000000008bd00000, 0x000000008bd00000| Complete 
| 190|0x000000008be00000, 0x000000008bf00000, 0x000000008bf00000|100%| E|CS|TAMS 0x000000008be00000, 0x000000008be00000| Complete 
| 191|0x000000008bf00000, 0x000000008c000000, 0x000000008c000000|100%| E|CS|TAMS 0x000000008bf00000, 0x000000008bf00000| Complete 
| 192|0x000000008c000000, 0x000000008c100000, 0x000000008c100000|100%| E|CS|TAMS 0x000000008c000000, 0x000000008c000000| Complete 
| 193|0x000000008c100000, 0x000000008c200000, 0x000000008c200000|100%| E|CS|TAMS 0x000000008c100000, 0x000000008c100000| Complete 
| 194|0x000000008c200000, 0x000000008c300000, 0x000000008c300000|100%| E|CS|TAMS 0x000000008c200000, 0x000000008c200000| Complete 
| 195|0x000000008c300000, 0x000000008c400000, 0x000000008c400000|100%| E|CS|TAMS 0x000000008c300000, 0x000000008c300000| Complete 
| 196|0x000000008c400000, 0x000000008c500000, 0x000000008c500000|100%| E|CS|TAMS 0x000000008c400000, 0x000000008c400000| Complete 
| 197|0x000000008c500000, 0x000000008c600000, 0x000000008c600000|100%| E|CS|TAMS 0x000000008c500000, 0x000000008c500000| Complete 
| 198|0x000000008c600000, 0x000000008c700000, 0x000000008c700000|100%| E|CS|TAMS 0x000000008c600000, 0x000000008c600000| Complete 
| 199|0x000000008c700000, 0x000000008c800000, 0x000000008c800000|100%| E|CS|TAMS 0x000000008c700000, 0x000000008c700000| Complete 
| 200|0x000000008c800000, 0x000000008c900000, 0x000000008c900000|100%| E|CS|TAMS 0x000000008c800000, 0x000000008c800000| Complete 
| 201|0x000000008c900000, 0x000000008ca00000, 0x000000008ca00000|100%| E|CS|TAMS 0x000000008c900000, 0x000000008c900000| Complete 
| 202|0x000000008ca00000, 0x000000008cb00000, 0x000000008cb00000|100%| E|CS|TAMS 0x000000008ca00000, 0x000000008ca00000| Complete 
| 203|0x000000008cb00000, 0x000000008cc00000, 0x000000008cc00000|100%| E|  |TAMS 0x000000008cb00000, 0x000000008cb00000| Complete 
| 204|0x000000008cc00000, 0x000000008cd00000, 0x000000008cd00000|100%| E|CS|TAMS 0x000000008cc00000, 0x000000008cc00000| Complete 
| 205|0x000000008cd00000, 0x000000008ce00000, 0x000000008ce00000|100%| E|CS|TAMS 0x000000008cd00000, 0x000000008cd00000| Complete 
| 206|0x000000008ce00000, 0x000000008cf00000, 0x000000008cf00000|100%| E|CS|TAMS 0x000000008ce00000, 0x000000008ce00000| Complete 
| 207|0x000000008cf00000, 0x000000008d000000, 0x000000008d000000|100%| E|CS|TAMS 0x000000008cf00000, 0x000000008cf00000| Complete 
| 208|0x000000008d000000, 0x000000008d100000, 0x000000008d100000|100%| E|CS|TAMS 0x000000008d000000, 0x000000008d000000| Complete 
| 209|0x000000008d100000, 0x000000008d200000, 0x000000008d200000|100%| E|CS|TAMS 0x000000008d100000, 0x000000008d100000| Complete 
| 210|0x000000008d200000, 0x000000008d300000, 0x000000008d300000|100%| E|CS|TAMS 0x000000008d200000, 0x000000008d200000| Complete 
| 211|0x000000008d300000, 0x000000008d400000, 0x000000008d400000|100%| E|CS|TAMS 0x000000008d300000, 0x000000008d300000| Complete 
| 212|0x000000008d400000, 0x000000008d500000, 0x000000008d500000|100%| E|CS|TAMS 0x000000008d400000, 0x000000008d400000| Complete 
| 213|0x000000008d500000, 0x000000008d600000, 0x000000008d600000|100%| E|CS|TAMS 0x000000008d500000, 0x000000008d500000| Complete 
| 214|0x000000008d600000, 0x000000008d700000, 0x000000008d700000|100%| E|CS|TAMS 0x000000008d600000, 0x000000008d600000| Complete 
| 215|0x000000008d700000, 0x000000008d800000, 0x000000008d800000|100%| E|CS|TAMS 0x000000008d700000, 0x000000008d700000| Complete 
| 216|0x000000008d800000, 0x000000008d900000, 0x000000008d900000|100%| E|CS|TAMS 0x000000008d800000, 0x000000008d800000| Complete 
| 217|0x000000008d900000, 0x000000008da00000, 0x000000008da00000|100%| E|CS|TAMS 0x000000008d900000, 0x000000008d900000| Complete 
| 218|0x000000008da00000, 0x000000008db00000, 0x000000008db00000|100%| E|CS|TAMS 0x000000008da00000, 0x000000008da00000| Complete 
| 219|0x000000008db00000, 0x000000008dc00000, 0x000000008dc00000|100%| E|CS|TAMS 0x000000008db00000, 0x000000008db00000| Complete 
| 220|0x000000008dc00000, 0x000000008dd00000, 0x000000008dd00000|100%| E|CS|TAMS 0x000000008dc00000, 0x000000008dc00000| Complete 
| 221|0x000000008dd00000, 0x000000008de00000, 0x000000008de00000|100%| E|CS|TAMS 0x000000008dd00000, 0x000000008dd00000| Complete 
| 222|0x000000008de00000, 0x000000008df00000, 0x000000008df00000|100%| E|CS|TAMS 0x000000008de00000, 0x000000008de00000| Complete 
| 223|0x000000008df00000, 0x000000008e000000, 0x000000008e000000|100%| E|CS|TAMS 0x000000008df00000, 0x000000008df00000| Complete 
| 224|0x000000008e000000, 0x000000008e100000, 0x000000008e100000|100%| E|CS|TAMS 0x000000008e000000, 0x000000008e000000| Complete 
| 225|0x000000008e100000, 0x000000008e200000, 0x000000008e200000|100%| E|CS|TAMS 0x000000008e100000, 0x000000008e100000| Complete 
| 226|0x000000008e200000, 0x000000008e300000, 0x000000008e300000|100%| E|CS|TAMS 0x000000008e200000, 0x000000008e200000| Complete 
| 227|0x000000008e300000, 0x000000008e400000, 0x000000008e400000|100%| E|CS|TAMS 0x000000008e300000, 0x000000008e300000| Complete 
| 228|0x000000008e400000, 0x000000008e500000, 0x000000008e500000|100%| E|CS|TAMS 0x000000008e400000, 0x000000008e400000| Complete 
| 229|0x000000008e500000, 0x000000008e600000, 0x000000008e600000|100%| E|CS|TAMS 0x000000008e500000, 0x000000008e500000| Complete 
| 230|0x000000008e600000, 0x000000008e700000, 0x000000008e700000|100%| E|CS|TAMS 0x000000008e600000, 0x000000008e600000| Complete 
| 231|0x000000008e700000, 0x000000008e800000, 0x000000008e800000|100%| E|CS|TAMS 0x000000008e700000, 0x000000008e700000| Complete 
| 232|0x000000008e800000, 0x000000008e900000, 0x000000008e900000|100%| E|CS|TAMS 0x000000008e800000, 0x000000008e800000| Complete 
| 233|0x000000008e900000, 0x000000008ea00000, 0x000000008ea00000|100%| E|CS|TAMS 0x000000008e900000, 0x000000008e900000| Complete 
| 234|0x000000008ea00000, 0x000000008eb00000, 0x000000008eb00000|100%| E|CS|TAMS 0x000000008ea00000, 0x000000008ea00000| Complete 
| 235|0x000000008eb00000, 0x000000008ec00000, 0x000000008ec00000|100%| E|CS|TAMS 0x000000008eb00000, 0x000000008eb00000| Complete 
| 236|0x000000008ec00000, 0x000000008ed00000, 0x000000008ed00000|100%| E|CS|TAMS 0x000000008ec00000, 0x000000008ec00000| Complete 
| 237|0x000000008ed00000, 0x000000008ee00000, 0x000000008ee00000|100%| E|CS|TAMS 0x000000008ed00000, 0x000000008ed00000| Complete 
| 238|0x000000008ee00000, 0x000000008ef00000, 0x000000008ef00000|100%| E|CS|TAMS 0x000000008ee00000, 0x000000008ee00000| Complete 
| 239|0x000000008ef00000, 0x000000008f000000, 0x000000008f000000|100%| E|CS|TAMS 0x000000008ef00000, 0x000000008ef00000| Complete 
| 240|0x000000008f000000, 0x000000008f100000, 0x000000008f100000|100%| E|CS|TAMS 0x000000008f000000, 0x000000008f000000| Complete 
| 241|0x000000008f100000, 0x000000008f200000, 0x000000008f200000|100%| E|CS|TAMS 0x000000008f100000, 0x000000008f100000| Complete 
| 242|0x000000008f200000, 0x000000008f300000, 0x000000008f300000|100%| E|CS|TAMS 0x000000008f200000, 0x000000008f200000| Complete 
| 243|0x000000008f300000, 0x000000008f400000, 0x000000008f400000|100%| E|CS|TAMS 0x000000008f300000, 0x000000008f300000| Complete 
| 244|0x000000008f400000, 0x000000008f500000, 0x000000008f500000|100%| E|CS|TAMS 0x000000008f400000, 0x000000008f400000| Complete 
| 245|0x000000008f500000, 0x000000008f600000, 0x000000008f600000|100%| E|CS|TAMS 0x000000008f500000, 0x000000008f500000| Complete 
| 246|0x000000008f600000, 0x000000008f700000, 0x000000008f700000|100%| E|CS|TAMS 0x000000008f600000, 0x000000008f600000| Complete 
| 247|0x000000008f700000, 0x000000008f800000, 0x000000008f800000|100%| E|CS|TAMS 0x000000008f700000, 0x000000008f700000| Complete 
| 248|0x000000008f800000, 0x000000008f900000, 0x000000008f900000|100%| E|CS|TAMS 0x000000008f800000, 0x000000008f800000| Complete 
| 249|0x000000008f900000, 0x000000008fa00000, 0x000000008fa00000|100%| E|CS|TAMS 0x000000008f900000, 0x000000008f900000| Complete 
| 250|0x000000008fa00000, 0x000000008fb00000, 0x000000008fb00000|100%| E|CS|TAMS 0x000000008fa00000, 0x000000008fa00000| Complete 
| 251|0x000000008fb00000, 0x000000008fc00000, 0x000000008fc00000|100%| E|CS|TAMS 0x000000008fb00000, 0x000000008fb00000| Complete 
| 252|0x000000008fc00000, 0x000000008fd00000, 0x000000008fd00000|100%| E|CS|TAMS 0x000000008fc00000, 0x000000008fc00000| Complete 
| 253|0x000000008fd00000, 0x000000008fe00000, 0x000000008fe00000|100%| E|CS|TAMS 0x000000008fd00000, 0x000000008fd00000| Complete 
| 254|0x000000008fe00000, 0x000000008ff00000, 0x000000008ff00000|100%| E|CS|TAMS 0x000000008fe00000, 0x000000008fe00000| Complete 
| 255|0x000000008ff00000, 0x0000000090000000, 0x0000000090000000|100%| E|CS|TAMS 0x000000008ff00000, 0x000000008ff00000| Complete 
| 256|0x0000000090000000, 0x0000000090100000, 0x0000000090100000|100%| E|CS|TAMS 0x0000000090000000, 0x0000000090000000| Complete 
| 257|0x0000000090100000, 0x0000000090200000, 0x0000000090200000|100%| E|CS|TAMS 0x0000000090100000, 0x0000000090100000| Complete 
| 258|0x0000000090200000, 0x0000000090300000, 0x0000000090300000|100%| E|CS|TAMS 0x0000000090200000, 0x0000000090200000| Complete 
| 259|0x0000000090300000, 0x0000000090400000, 0x0000000090400000|100%| E|CS|TAMS 0x0000000090300000, 0x0000000090300000| Complete 
| 260|0x0000000090400000, 0x0000000090500000, 0x0000000090500000|100%| E|CS|TAMS 0x0000000090400000, 0x0000000090400000| Complete 
| 261|0x0000000090500000, 0x0000000090600000, 0x0000000090600000|100%| E|CS|TAMS 0x0000000090500000, 0x0000000090500000| Complete 
| 262|0x0000000090600000, 0x0000000090700000, 0x0000000090700000|100%| E|CS|TAMS 0x0000000090600000, 0x0000000090600000| Complete 
| 263|0x0000000090700000, 0x0000000090800000, 0x0000000090800000|100%| E|CS|TAMS 0x0000000090700000, 0x0000000090700000| Complete 
| 264|0x0000000090800000, 0x0000000090900000, 0x0000000090900000|100%| E|CS|TAMS 0x0000000090800000, 0x0000000090800000| Complete 
| 265|0x0000000090900000, 0x0000000090a00000, 0x0000000090a00000|100%| E|CS|TAMS 0x0000000090900000, 0x0000000090900000| Complete 
| 266|0x0000000090a00000, 0x0000000090b00000, 0x0000000090b00000|100%| E|CS|TAMS 0x0000000090a00000, 0x0000000090a00000| Complete 
| 267|0x0000000090b00000, 0x0000000090c00000, 0x0000000090c00000|100%| E|CS|TAMS 0x0000000090b00000, 0x0000000090b00000| Complete 
| 268|0x0000000090c00000, 0x0000000090d00000, 0x0000000090d00000|100%| E|CS|TAMS 0x0000000090c00000, 0x0000000090c00000| Complete 
| 269|0x0000000090d00000, 0x0000000090e00000, 0x0000000090e00000|100%| E|CS|TAMS 0x0000000090d00000, 0x0000000090d00000| Complete 
| 270|0x0000000090e00000, 0x0000000090f00000, 0x0000000090f00000|100%| E|CS|TAMS 0x0000000090e00000, 0x0000000090e00000| Complete 
| 271|0x0000000090f00000, 0x0000000091000000, 0x0000000091000000|100%| E|CS|TAMS 0x0000000090f00000, 0x0000000090f00000| Complete 
| 272|0x0000000091000000, 0x0000000091100000, 0x0000000091100000|100%| E|CS|TAMS 0x0000000091000000, 0x0000000091000000| Complete 
| 273|0x0000000091100000, 0x0000000091200000, 0x0000000091200000|100%| E|CS|TAMS 0x0000000091100000, 0x0000000091100000| Complete 
| 274|0x0000000091200000, 0x0000000091300000, 0x0000000091300000|100%| E|CS|TAMS 0x0000000091200000, 0x0000000091200000| Complete 
| 275|0x0000000091300000, 0x0000000091400000, 0x0000000091400000|100%| E|CS|TAMS 0x0000000091300000, 0x0000000091300000| Complete 
| 276|0x0000000091400000, 0x0000000091500000, 0x0000000091500000|100%| E|CS|TAMS 0x0000000091400000, 0x0000000091400000| Complete 
| 277|0x0000000091500000, 0x0000000091600000, 0x0000000091600000|100%| E|CS|TAMS 0x0000000091500000, 0x0000000091500000| Complete 
| 278|0x0000000091600000, 0x0000000091700000, 0x0000000091700000|100%| E|CS|TAMS 0x0000000091600000, 0x0000000091600000| Complete 

Card table byte_map: [0x0000000015b20000,0x0000000015f20000] _byte_map_base: 0x0000000015720000

Marking Bits (Prev, Next): (CMBitMap*) 0x00000000004c3168, (CMBitMap*) 0x00000000004c31a0
 Prev Bits: [0x0000000016320000, 0x0000000018320000)
 Next Bits: [0x0000000018320000, 0x000000001a320000)

Polling page: 0x0000000000130000

Metaspace:

Usage:
  Non-class:     60.20 MB capacity,    59.05 MB ( 98%) used,   987.78 KB (  2%) free+waste,   191.56 KB ( <1%) overhead. 
      Class:      9.02 MB capacity,     8.39 MB ( 93%) used,   561.01 KB (  6%) free+waste,    88.75 KB ( <1%) overhead. 
       Both:     69.22 MB capacity,    67.44 MB ( 97%) used,     1.51 MB (  2%) free+waste,   280.31 KB ( <1%) overhead. 

Virtual space:
  Non-class space:       62.00 MB reserved,      60.37 MB ( 97%) committed 
      Class space:        1.00 GB reserved,       9.13 MB ( <1%) committed 
             Both:        1.06 GB reserved,      69.50 MB (  6%) committed 

Chunk freelists:
   Non-Class:  46.00 KB
       Class:  10.00 KB
        Both:  56.00 KB

MaxMetaspaceSize: 17179869184.00 GB
CompressedClassSpaceSize: 1.00 GB
Initial GC threshold: 20.80 MB
Current GC threshold: 83.75 MB
CDS: off

CodeHeap 'non-profiled nmethods': size=120064Kb used=8118Kb max_used=8118Kb free=111945Kb
 bounds [0x000000000dd50000, 0x000000000e540000, 0x0000000015290000]
CodeHeap 'profiled nmethods': size=120000Kb used=24441Kb max_used=24441Kb free=95558Kb
 bounds [0x0000000006820000, 0x0000000008000000, 0x000000000dd50000]
CodeHeap 'non-nmethods': size=5696Kb used=2357Kb max_used=2401Kb free=3338Kb
 bounds [0x0000000006290000, 0x0000000006500000, 0x0000000006820000]
 total_blobs=11487 nmethods=10613 adapters=786
 compilation: enabled
              stopped_count=0, restarted_count=0
 full_count=0

Compilation events (20 events):
Event: 89.098 Thread 0x000000005d635000 nmethod 10705 0x000000000e53a610 code [0x000000000e53a7c0, 0x000000000e53a858]
Event: 89.098 Thread 0x000000005d635000 10706       1       org.gradle.internal.operations.DefaultBuildOperationExecutor::access$100 (5 bytes)
Event: 89.098 Thread 0x000000005d635000 nmethod 10706 0x000000000e53a910 code [0x000000000e53aac0, 0x000000000e53ab58]
Event: 89.112 Thread 0x000000005d632800 10707       4       java.net.URI$Parser::parse (243 bytes)
Event: 89.113 Thread 0x000000005d635000 10708       3       sun.security.ssl.OutputRecord::t10Encrypt (177 bytes)
Event: 89.114 Thread 0x000000005d635000 nmethod 10708 0x0000000007fc7990 code [0x0000000007fc7c20, 0x0000000007fc8838]
Event: 89.200 Thread 0x000000005d635000 10709       3       org.gradle.internal.resource.cached.AbstractCachedIndex$$Lambda$728/0x000000001d5a4440::run (16 bytes)
Event: 89.200 Thread 0x000000005d635000 nmethod 10709 0x0000000007fc8e10 code [0x0000000007fc9000, 0x0000000007fc9498]
Event: 89.202 Thread 0x000000005d635000 10710       3       org.gradle.api.internal.artifacts.ivyservice.modulecache.PersistentModuleMetadataCache::lambda$get$0 (81 bytes)
Event: 89.203 Thread 0x000000005d635000 nmethod 10710 0x0000000007fc9690 code [0x0000000007fc9900, 0x0000000007fca5b8]
Event: 89.220 Thread 0x000000005d635000 10712       3       org.gradle.internal.FileUtils::hasExtension (9 bytes)
Event: 89.220 Thread 0x000000005d635000 nmethod 10712 0x0000000007fcaa10 code [0x0000000007fcac00, 0x0000000007fcafa8]
Event: 89.223 Thread 0x000000005d635000 10713       3       jdk.internal.ref.PhantomCleanable::clear (12 bytes)
Event: 89.223 Thread 0x000000005d635000 nmethod 10713 0x0000000007fcb190 code [0x0000000007fcb360, 0x0000000007fcb568]
Event: 89.276 Thread 0x000000005d635000 10714   !   3       sun.security.ssl.SSLCipher$T12GcmReadCipherGenerator$GcmReadCipher::decrypt (386 bytes)
Event: 89.279 Thread 0x000000005d635000 nmethod 10714 0x0000000007fcb610 code [0x0000000007fcbc40, 0x0000000007fceaf8]
Event: 89.314 Thread 0x000000005d635000 10715       3       sun.util.locale.provider.LocaleResources::getCalendarNames (114 bytes)
Event: 89.316 Thread 0x000000005d635000 nmethod 10715 0x000000000e53ac10 code [0x000000000e53b020, 0x000000000e53cf58]
Event: 89.332 Thread 0x000000005d635000 10716   !   3       org.gradle.internal.serialize.kryo.KryoBackedDecoder::readBoolean (15 bytes)
Event: 89.333 Thread 0x000000005d635000 nmethod 10716 0x0000000007fcfd10 code [0x0000000007fcff40, 0x0000000007fd05c8]

GC Heap History (20 events):
Event: 47.703 GC heap before
{Heap before GC invocations=54 (full 0):
 garbage-first heap   total 285696K, used 234379K [0x0000000080000000, 0x0000000100000000)
  region size 1024K, 167 young (171008K), 9 survivors (9216K)
 Metaspace       used 50719K, capacity 52075K, committed 52220K, reserved 1095680K
  class space    used 6524K, capacity 7034K, committed 7040K, reserved 1048576K
}
Event: 47.744 GC heap after
{Heap after GC invocations=55 (full 0):
 garbage-first heap   total 285696K, used 73611K [0x0000000080000000, 0x0000000100000000)
  region size 1024K, 10 young (10240K), 10 survivors (10240K)
 Metaspace       used 50719K, capacity 52075K, committed 52220K, reserved 1095680K
  class space    used 6524K, capacity 7034K, committed 7040K, reserved 1048576K
}
Event: 48.873 GC heap before
{Heap before GC invocations=55 (full 0):
 garbage-first heap   total 285696K, used 234379K [0x0000000080000000, 0x0000000100000000)
  region size 1024K, 167 young (171008K), 10 survivors (10240K)
 Metaspace       used 50721K, capacity 52075K, committed 52220K, reserved 1095680K
  class space    used 6524K, capacity 7034K, committed 7040K, reserved 1048576K
}
Event: 48.890 GC heap after
{Heap after GC invocations=56 (full 0):
 garbage-first heap   total 285696K, used 71136K [0x0000000080000000, 0x0000000100000000)
  region size 1024K, 9 young (9216K), 9 survivors (9216K)
 Metaspace       used 50721K, capacity 52075K, committed 52220K, reserved 1095680K
  class space    used 6524K, capacity 7034K, committed 7040K, reserved 1048576K
}
Event: 49.914 GC heap before
{Heap before GC invocations=56 (full 0):
 garbage-first heap   total 285696K, used 232928K [0x0000000080000000, 0x0000000100000000)
  region size 1024K, 167 young (171008K), 9 survivors (9216K)
 Metaspace       used 50727K, capacity 52076K, committed 52220K, reserved 1095680K
  class space    used 6524K, capacity 7034K, committed 7040K, reserved 1048576K
}
Event: 49.935 GC heap after
{Heap after GC invocations=57 (full 0):
 garbage-first heap   total 285696K, used 72253K [0x0000000080000000, 0x0000000100000000)
  region size 1024K, 10 young (10240K), 10 survivors (10240K)
 Metaspace       used 50727K, capacity 52076K, committed 52220K, reserved 1095680K
  class space    used 6524K, capacity 7034K, committed 7040K, reserved 1048576K
}
Event: 51.330 GC heap before
{Heap before GC invocations=57 (full 0):
 garbage-first heap   total 285696K, used 233021K [0x0000000080000000, 0x0000000100000000)
  region size 1024K, 167 young (171008K), 10 survivors (10240K)
 Metaspace       used 50732K, capacity 52076K, committed 52220K, reserved 1095680K
  class space    used 6525K, capacity 7034K, committed 7040K, reserved 1048576K
}
Event: 51.353 GC heap after
{Heap after GC invocations=58 (full 0):
 garbage-first heap   total 285696K, used 73873K [0x0000000080000000, 0x0000000100000000)
  region size 1024K, 11 young (11264K), 11 survivors (11264K)
 Metaspace       used 50732K, capacity 52076K, committed 52220K, reserved 1095680K
  class space    used 6525K, capacity 7034K, committed 7040K, reserved 1048576K
}
Event: 52.249 GC heap before
{Heap before GC invocations=58 (full 0):
 garbage-first heap   total 285696K, used 233617K [0x0000000080000000, 0x0000000100000000)
  region size 1024K, 167 young (171008K), 11 survivors (11264K)
 Metaspace       used 50732K, capacity 52076K, committed 52220K, reserved 1095680K
  class space    used 6525K, capacity 7034K, committed 7040K, reserved 1048576K
}
Event: 52.274 GC heap after
{Heap after GC invocations=59 (full 0):
 garbage-first heap   total 285696K, used 74808K [0x0000000080000000, 0x0000000100000000)
  region size 1024K, 12 young (12288K), 12 survivors (12288K)
 Metaspace       used 50732K, capacity 52076K, committed 52220K, reserved 1095680K
  class space    used 6525K, capacity 7034K, committed 7040K, reserved 1048576K
}
Event: 56.570 GC heap before
{Heap before GC invocations=59 (full 0):
 garbage-first heap   total 285696K, used 234552K [0x0000000080000000, 0x0000000100000000)
  region size 1024K, 167 young (171008K), 12 survivors (12288K)
 Metaspace       used 50755K, capacity 52077K, committed 52220K, reserved 1095680K
  class space    used 6525K, capacity 7034K, committed 7040K, reserved 1048576K
}
Event: 56.583 GC heap after
{Heap after GC invocations=60 (full 0):
 garbage-first heap   total 285696K, used 64165K [0x0000000080000000, 0x0000000100000000)
  region size 1024K, 1 young (1024K), 1 survivors (1024K)
 Metaspace       used 50755K, capacity 52077K, committed 52220K, reserved 1095680K
  class space    used 6525K, capacity 7034K, committed 7040K, reserved 1048576K
}
Event: 58.653 GC heap before
{Heap before GC invocations=60 (full 0):
 garbage-first heap   total 285696K, used 234149K [0x0000000080000000, 0x0000000100000000)
  region size 1024K, 164 young (167936K), 1 survivors (1024K)
 Metaspace       used 50760K, capacity 52078K, committed 52220K, reserved 1095680K
  class space    used 6525K, capacity 7034K, committed 7040K, reserved 1048576K
}
Event: 58.661 GC heap after
{Heap after GC invocations=61 (full 0):
 garbage-first heap   total 285696K, used 69605K [0x0000000080000000, 0x0000000100000000)
  region size 1024K, 4 young (4096K), 4 survivors (4096K)
 Metaspace       used 50760K, capacity 52078K, committed 52220K, reserved 1095680K
  class space    used 6525K, capacity 7034K, committed 7040K, reserved 1048576K
}
Event: 60.615 GC heap before
{Heap before GC invocations=61 (full 0):
 garbage-first heap   total 285696K, used 238565K [0x0000000080000000, 0x0000000100000000)
  region size 1024K, 165 young (168960K), 4 survivors (4096K)
 Metaspace       used 50831K, capacity 52143K, committed 52220K, reserved 1095680K
  class space    used 6525K, capacity 7034K, committed 7040K, reserved 1048576K
}
Event: 60.624 GC heap after
{Heap after GC invocations=62 (full 0):
 garbage-first heap   total 285696K, used 68824K [0x0000000080000000, 0x0000000100000000)
  region size 1024K, 2 young (2048K), 2 survivors (2048K)
 Metaspace       used 50831K, capacity 52143K, committed 52220K, reserved 1095680K
  class space    used 6525K, capacity 7034K, committed 7040K, reserved 1048576K
}
Event: 65.406 GC heap before
{Heap before GC invocations=62 (full 0):
 garbage-first heap   total 285696K, used 238808K [0x0000000080000000, 0x0000000100000000)
  region size 1024K, 167 young (171008K), 2 survivors (2048K)
 Metaspace       used 63874K, capacity 65585K, committed 65788K, reserved 1105920K
  class space    used 8228K, capacity 8811K, committed 8832K, reserved 1048576K
}
Event: 65.440 GC heap after
{Heap after GC invocations=63 (full 0):
 garbage-first heap   total 285696K, used 77643K [0x0000000080000000, 0x0000000100000000)
  region size 1024K, 11 young (11264K), 11 survivors (11264K)
 Metaspace       used 63874K, capacity 65585K, committed 65788K, reserved 1105920K
  class space    used 8228K, capacity 8811K, committed 8832K, reserved 1048576K
}
Event: 78.418 GC heap before
{Heap before GC invocations=63 (full 0):
 garbage-first heap   total 285696K, used 180043K [0x0000000080000000, 0x0000000100000000)
  region size 1024K, 111 young (113664K), 11 survivors (11264K)
 Metaspace       used 68032K, capacity 69831K, committed 70012K, reserved 1110016K
  class space    used 8564K, capacity 9193K, committed 9216K, reserved 1048576K
}
Event: 78.450 GC heap after
{Heap after GC invocations=64 (full 0):
 garbage-first heap   total 285696K, used 81170K [0x0000000080000000, 0x0000000100000000)
  region size 1024K, 4 young (4096K), 4 survivors (4096K)
 Metaspace       used 68032K, capacity 69831K, committed 70012K, reserved 1110016K
  class space    used 8564K, capacity 9193K, committed 9216K, reserved 1048576K
}

Deoptimization events (20 events):
Event: 85.820 Thread 0x0000000063ba6800 DEOPT PACKING pc=0x0000000007e7a2a7 sp=0x000000006b83b5a0
Event: 85.820 Thread 0x0000000063ba6800 DEOPT UNPACKING pc=0x00000000062da93f sp=0x000000006b83aac8 mode 0
Event: 85.927 Thread 0x0000000063ba6800 DEOPT PACKING pc=0x0000000007cf81a4 sp=0x000000006b83a8f0
Event: 85.927 Thread 0x0000000063ba6800 DEOPT UNPACKING pc=0x00000000062da93f sp=0x000000006b839df0 mode 0
Event: 86.560 Thread 0x000000005d64d800 DEOPT PACKING pc=0x0000000007cbe250 sp=0x0000000062765880
Event: 86.560 Thread 0x000000005d64d800 DEOPT UNPACKING pc=0x00000000062da93f sp=0x0000000062764db0 mode 0
Event: 87.181 Thread 0x0000000063ba7800 DEOPT PACKING pc=0x0000000007e298ae sp=0x000000006ba8c8b0
Event: 87.181 Thread 0x0000000063ba7800 DEOPT UNPACKING pc=0x00000000062da93f sp=0x000000006ba8be40 mode 0
Event: 87.181 Thread 0x0000000063ba7800 DEOPT PACKING pc=0x0000000007e298ae sp=0x000000006ba8c9c0
Event: 87.182 Thread 0x0000000063ba7800 DEOPT UNPACKING pc=0x00000000062da93f sp=0x000000006ba8bf50 mode 0
Event: 87.182 Thread 0x0000000063ba7800 DEOPT PACKING pc=0x0000000007e298ae sp=0x000000006ba8c9c0
Event: 87.182 Thread 0x0000000063ba7800 DEOPT UNPACKING pc=0x00000000062da93f sp=0x000000006ba8bf50 mode 0
Event: 87.182 Thread 0x0000000063ba7800 DEOPT PACKING pc=0x0000000007e298ae sp=0x000000006ba8c940
Event: 87.182 Thread 0x0000000063ba7800 DEOPT UNPACKING pc=0x00000000062da93f sp=0x000000006ba8bed0 mode 0
Event: 87.183 Thread 0x0000000063ba7800 DEOPT PACKING pc=0x0000000007e298ae sp=0x000000006ba8c950
Event: 87.183 Thread 0x0000000063ba7800 DEOPT UNPACKING pc=0x00000000062da93f sp=0x000000006ba8bee0 mode 0
Event: 87.183 Thread 0x0000000063ba7800 DEOPT PACKING pc=0x0000000007e298ae sp=0x000000006ba8c9c0
Event: 87.183 Thread 0x0000000063ba7800 DEOPT UNPACKING pc=0x00000000062da93f sp=0x000000006ba8bf50 mode 0
Event: 87.183 Thread 0x0000000063ba7800 DEOPT PACKING pc=0x0000000007e298ae sp=0x000000006ba8c940
Event: 87.183 Thread 0x0000000063ba7800 DEOPT UNPACKING pc=0x00000000062da93f sp=0x000000006ba8bed0 mode 0

Classes redefined (0 events):
No events

Internal exceptions (20 events):
Event: 63.362 Thread 0x000000005d64d800 Exception <a 'java/lang/ClassNotFoundException'{0x000000008a840728}: org/gradle/api/internal/project/ProjectScriptCustomizer> (0x000000008a840728) thrown at [./src/hotspot/share/classfile/systemDictionary.cpp, line 231]
Event: 63.363 Thread 0x000000005d64d800 Exception <a 'java/lang/ClassNotFoundException'{0x000000008a85c1f0}: build_aw3nnw1bu7nuin3iwi6ct9er0Customizer> (0x000000008a85c1f0) thrown at [./src/hotspot/share/classfile/systemDictionary.cpp, line 231]
Event: 63.371 Thread 0x000000005d64d800 Exception <a 'java/lang/ClassNotFoundException'{0x000000008a8e3980}: org/gradle/plugin/use/internal/PluginRequestCollector$PluginDependenciesSpecImplBeanInfo> (0x000000008a8e3980) thrown at [./src/hotspot/share/classfile/systemDictionary.cpp, line 231]
Event: 63.372 Thread 0x000000005d64d800 Exception <a 'java/lang/ClassNotFoundException'{0x000000008a714488}: org/gradle/plugin/use/internal/PluginRequestCollector$PluginDependenciesSpecImplCustomizer> (0x000000008a714488) thrown at [./src/hotspot/share/classfile/systemDictionary.cpp, line 231]
Event: 63.376 Thread 0x000000005d64d800 Exception <a 'java/lang/ClassNotFoundException'{0x000000008a777c88}: org/gradle/plugin/use/internal/PluginRequestCollector$PluginDependencySpecImplBeanInfo> (0x000000008a777c88) thrown at [./src/hotspot/share/classfile/systemDictionary.cpp, line 231]
Event: 63.377 Thread 0x000000005d64d800 Exception <a 'java/lang/ClassNotFoundException'{0x000000008a7a71e0}: org/gradle/plugin/use/internal/PluginRequestCollector$PluginDependencySpecImplCustomizer> (0x000000008a7a71e0) thrown at [./src/hotspot/share/classfile/systemDictionary.cpp, line 231]
Event: 63.626 Thread 0x000000005d64d800 Implicit null exception at 0x000000000de0fb04 to 0x000000000de1000c
Event: 63.810 Thread 0x000000005d64d800 Exception <a 'sun/nio/fs/WindowsException'{0x000000008960e868}> (0x000000008960e868) thrown at [./src/hotspot/share/prims/jni.cpp, line 615]
Event: 63.816 Thread 0x000000005d64d800 Implicit null exception at 0x000000000df1be44 to 0x000000000df1d468
Event: 65.671 Thread 0x000000005d64d800 Implicit null exception at 0x000000000e0cc4e6 to 0x000000000e0cc660
Event: 65.723 Thread 0x000000005d64d800 Exception <a 'java/lang/NoSuchMethodError'{0x000000009136ef18}: 'java.lang.Object java.lang.invoke.DirectMethodHandle$Holder.invokeSpecial(java.lang.Object, java.lang.Object, int, int, java.lang.Object, java.lang.Object, java.lang.Object)'> (0x000000009136ef18) thrown at [./src/hotspot/share/interpreter/linkResolver.cpp, line 773]
Event: 65.723 Thread 0x000000005d64d800 Exception <a 'java/lang/NoSuchMethodError'{0x0000000091373740}: 'java.lang.Object java.lang.invoke.DelegatingMethodHandle$Holder.reinvoke_L(java.lang.Object, int, int, java.lang.Object, java.lang.Object, java.lang.Object)'> (0x0000000091373740) thrown at [./src/hotspot/share/interpreter/linkResolver.cpp, line 773]
Event: 65.736 Thread 0x000000005d64d800 Exception <a 'java/lang/NoSuchMethodError'{0x00000000913789b0}: 'java.lang.Object java.lang.invoke.DirectMethodHandle$Holder.invokeStatic(java.lang.Object, java.lang.Object, java.lang.Object, java.lang.Object, int)'> (0x00000000913789b0) thrown at [./src/hotspot/share/interpreter/linkResolver.cpp, line 773]
Event: 66.027 Thread 0x000000005d64d800 Exception <a 'java/lang/NoSuchMethodError'{0x0000000090dd45b0}: 'void java.lang.invoke.DirectMethodHandle$Holder.invokeStatic(java.lang.Object, java.lang.Object, java.lang.Object, int, java.lang.Object)'> (0x0000000090dd45b0) thrown at [./src/hotspot/share/interpreter/linkResolver.cpp, line 773]
Event: 70.313 Thread 0x000000005d64d800 Exception <a 'java/net/SocketTimeoutException'{0x000000008f04f928}: Read timed out> (0x000000008f04f928) thrown at [./src/hotspot/share/prims/jni.cpp, line 636]
Event: 72.764 Thread 0x000000005d64d800 Exception <a 'java/net/SocketTimeoutException'{0x000000008d58cad8}: Read timed out> (0x000000008d58cad8) thrown at [./src/hotspot/share/prims/jni.cpp, line 636]
Event: 75.524 Thread 0x000000005d64d800 Exception <a 'java/net/SocketTimeoutException'{0x000000008c0f7850}: Read timed out> (0x000000008c0f7850) thrown at [./src/hotspot/share/prims/jni.cpp, line 636]
Event: 85.217 Thread 0x000000005d64d800 Implicit null exception at 0x000000000e472abb to 0x000000000e477c40
Event: 86.661 Thread 0x000000005d64d800 Exception <a 'java/net/SocketTimeoutException'{0x000000008c0bb2b8}: Read timed out> (0x000000008c0bb2b8) thrown at [./src/hotspot/share/prims/jni.cpp, line 636]
Event: 86.677 Thread 0x000000005d64f000 Exception <a 'java/net/SocketTimeoutException'{0x000000008e634eb0}: Read timed out> (0x000000008e634eb0) thrown at [./src/hotspot/share/prims/jni.cpp, line 636]

Events (20 events):
Event: 87.776 loading class org/gradle/api/internal/artifacts/ivyservice/resolveengine/excludes/factories/NormalizingExcludeFactory$UnionOf
Event: 87.776 loading class org/gradle/api/internal/artifacts/ivyservice/resolveengine/excludes/factories/NormalizingExcludeFactory$UnionOf done
Event: 87.777 loading class org/gradle/api/internal/artifacts/ivyservice/resolveengine/excludes/specs/ExcludeSpec
Event: 87.777 loading class org/gradle/api/internal/artifacts/ivyservice/resolveengine/excludes/specs/ExcludeSpec done
Event: 87.777 loading class org/gradle/api/internal/artifacts/ivyservice/resolveengine/excludes/specs/ExcludeSpec
Event: 87.777 loading class org/gradle/api/internal/artifacts/ivyservice/resolveengine/excludes/specs/ExcludeSpec done
Event: 87.778 loading class org/gradle/api/internal/artifacts/ivyservice/resolveengine/excludes/specs/GroupExclude
Event: 87.778 loading class org/gradle/api/internal/artifacts/ivyservice/resolveengine/excludes/specs/GroupExclude done
Event: 87.778 loading class org/gradle/api/internal/artifacts/ivyservice/resolveengine/excludes/specs/ModuleExclude
Event: 87.778 loading class org/gradle/api/internal/artifacts/ivyservice/resolveengine/excludes/specs/ModuleExclude done
Event: 87.778 loading class org/gradle/api/internal/artifacts/ivyservice/resolveengine/excludes/specs/ModuleIdSetExclude
Event: 87.778 loading class org/gradle/api/internal/artifacts/ivyservice/resolveengine/excludes/specs/ModuleIdSetExclude done
Event: 87.779 loading class org/gradle/api/artifacts/ModuleIdentifier
Event: 87.779 loading class org/gradle/api/artifacts/ModuleIdentifier done
Event: 87.779 loading class org/gradle/api/internal/artifacts/ivyservice/resolveengine/excludes/specs/ModuleIdExclude
Event: 87.779 loading class org/gradle/api/internal/artifacts/ivyservice/resolveengine/excludes/specs/ModuleIdExclude done
Event: 87.779 loading class org/gradle/api/internal/artifacts/ivyservice/resolveengine/excludes/simple/DefaultModuleIdSetExclude
Event: 87.779 loading class org/gradle/api/internal/artifacts/ivyservice/resolveengine/excludes/simple/DefaultModuleIdSetExclude done
Event: 87.780 loading class org/gradle/api/internal/artifacts/ivyservice/resolveengine/excludes/factories/ExcludeFactory
Event: 87.780 loading class org/gradle/api/internal/artifacts/ivyservice/resolveengine/excludes/factories/ExcludeFactory done


Dynamic libraries:
0x000000013fe00000 - 0x000000013fe0a000 	C:\Program Files\Android\Android Studio\jre\bin\java.exe
0x0000000077ad0000 - 0x0000000077c6f000 	C:\Windows\SYSTEM32\ntdll.dll
0x00000000779b0000 - 0x0000000077acf000 	C:\Windows\system32\kernel32.dll
0x000007fefd7a0000 - 0x000007fefd80a000 	C:\Windows\system32\KERNELBASE.dll
0x000007fef5ef0000 - 0x000007fef5f09000 	C:\Program Files\Android\Android Studio\jre\bin\jli.dll
0x000007fefc070000 - 0x000007fefc265000 	C:\Windows\WinSxS\amd64_microsoft.windows.common-controls_6595b64144ccf1df_6.0.7601.24440_none_e36f1bbf30ff0606\COMCTL32.dll
0x000007fefda80000 - 0x000007fefdb1f000 	C:\Windows\system32\msvcrt.dll
0x000007fefeaf0000 - 0x000007fefeb57000 	C:\Windows\system32\GDI32.dll
0x00000000778b0000 - 0x00000000779aa000 	C:\Windows\system32\USER32.dll
0x000007fefefc0000 - 0x000007fefefce000 	C:\Windows\system32\LPK.dll
0x000007fefdd00000 - 0x000007fefddcb000 	C:\Windows\system32\USP10.dll
0x000007fefee20000 - 0x000007fefee91000 	C:\Windows\system32\SHLWAPI.dll
0x000007fef1390000 - 0x000007fef13a7000 	C:\Program Files\Android\Android Studio\jre\bin\VCRUNTIME140.dll
0x000007fef9100000 - 0x000007fef9104000 	C:\Windows\system32\api-ms-win-crt-runtime-l1-1-0.dll
0x000007fef4960000 - 0x000007fef4a54000 	C:\Windows\system32\ucrtbase.DLL
0x000007fef8030000 - 0x000007fef8033000 	C:\Windows\system32\api-ms-win-core-timezone-l1-1-0.dll
0x000007fef7f60000 - 0x000007fef7f63000 	C:\Windows\system32\api-ms-win-core-file-l2-1-0.dll
0x000007fef7f50000 - 0x000007fef7f53000 	C:\Windows\system32\api-ms-win-core-localization-l1-2-0.dll
0x000007fef9da0000 - 0x000007fef9da3000 	C:\Windows\system32\api-ms-win-core-synch-l1-2-0.dll
0x000007fef4950000 - 0x000007fef4953000 	C:\Windows\system32\api-ms-win-core-processthreads-l1-1-1.dll
0x000007fef4940000 - 0x000007fef4943000 	C:\Windows\system32\api-ms-win-core-file-l1-2-0.dll
0x000007fef4920000 - 0x000007fef4924000 	C:\Windows\system32\api-ms-win-crt-string-l1-1-0.dll
0x000007fef4930000 - 0x000007fef4933000 	C:\Windows\system32\api-ms-win-crt-heap-l1-1-0.dll
0x000007fef4910000 - 0x000007fef4914000 	C:\Windows\system32\api-ms-win-crt-stdio-l1-1-0.dll
0x000007fef4900000 - 0x000007fef4904000 	C:\Windows\system32\api-ms-win-crt-convert-l1-1-0.dll
0x000007fef48f0000 - 0x000007fef48f3000 	C:\Windows\system32\api-ms-win-crt-environment-l1-1-0.dll
0x000007fef48c0000 - 0x000007fef48c3000 	C:\Windows\system32\api-ms-win-crt-filesystem-l1-1-0.dll
0x000007fef48d0000 - 0x000007fef48d5000 	C:\Windows\system32\api-ms-win-crt-math-l1-1-0.dll
0x000007fef35b0000 - 0x000007fef35b3000 	C:\Windows\system32\api-ms-win-crt-locale-l1-1-0.dll
0x000007fefed50000 - 0x000007fefed7e000 	C:\Windows\system32\IMM32.DLL
0x000007fefec40000 - 0x000007fefed49000 	C:\Windows\system32\MSCTF.dll
0x000007fef12f0000 - 0x000007fef138d000 	C:\Program Files\Android\Android Studio\jre\bin\msvcp140.dll
0x000007fef3700000 - 0x000007fef3705000 	C:\Windows\system32\api-ms-win-crt-multibyte-l1-1-0.dll
0x000007fef48b0000 - 0x000007fef48b3000 	C:\Windows\system32\api-ms-win-crt-time-l1-1-0.dll
0x000007fef48e0000 - 0x000007fef48e3000 	C:\Windows\system32\api-ms-win-crt-utility-l1-1-0.dll
0x000007fef15b0000 - 0x000007fef2095000 	C:\Program Files\Android\Android Studio\jre\bin\server\jvm.dll
0x000007fefeb60000 - 0x000007fefec3b000 	C:\Windows\system32\ADVAPI32.dll
0x000007fefeea0000 - 0x000007fefeebf000 	C:\Windows\SYSTEM32\sechost.dll
0x000007fefe2e0000 - 0x000007fefe40c000 	C:\Windows\system32\RPCRT4.dll
0x000007fef9410000 - 0x000007fef9419000 	C:\Windows\system32\WSOCK32.dll
0x000007fefe280000 - 0x000007fefe2cd000 	C:\Windows\system32\WS2_32.dll
0x000007fefe2d0000 - 0x000007fefe2d8000 	C:\Windows\system32\NSI.dll
0x000007fefac50000 - 0x000007fefac8b000 	C:\Windows\system32\WINMM.dll
0x000007fefc700000 - 0x000007fefc70c000 	C:\Windows\system32\VERSION.dll
0x0000000077c80000 - 0x0000000077c87000 	C:\Windows\system32\PSAPI.DLL
0x000007fef4890000 - 0x000007fef48a1000 	C:\Program Files\Android\Android Studio\jre\bin\verify.dll
0x000007fef3360000 - 0x000007fef3485000 	C:\Windows\system32\DBGHELP.DLL
0x000007fef4860000 - 0x000007fef4889000 	C:\Program Files\Android\Android Studio\jre\bin\java.dll
0x000007fef4380000 - 0x000007fef438b000 	C:\Program Files\Android\Android Studio\jre\bin\jimage.dll
0x000007fef3760000 - 0x000007fef3778000 	C:\Program Files\Android\Android Studio\jre\bin\zip.dll
0x000007feff030000 - 0x000007feffdbb000 	C:\Windows\system32\SHELL32.dll
0x000007fefe410000 - 0x000007fefe60f000 	C:\Windows\system32\ole32.dll
0x000007fefd620000 - 0x000007fefd62f000 	C:\Windows\system32\profapi.dll
0x000007fef36a0000 - 0x000007fef36ba000 	C:\Program Files\Android\Android Studio\jre\bin\net.dll
0x000007fefa420000 - 0x000007fefa491000 	C:\Windows\system32\WINHTTP.dll
0x000007fefa370000 - 0x000007fefa3d5000 	C:\Windows\system32\webio.dll
0x000007fefcd40000 - 0x000007fefcd95000 	C:\Windows\system32\mswsock.dll
0x000007fefd010000 - 0x000007fefd017000 	C:\Windows\System32\wship6.dll
0x000007fef35c0000 - 0x000007fef35d4000 	C:\Program Files\Android\Android Studio\jre\bin\nio.dll
0x000007fef5f10000 - 0x000007fef5f37000 	C:\Users\zaur\.gradle\native\e1d6ef7f7dcc3fd88c89a11ec53ec762bb8ba0a96d01ffa2cd45eb1d1d8dd5c5\windows-amd64\native-platform.dll
0x000007fef1030000 - 0x000007fef103a000 	C:\Program Files\Android\Android Studio\jre\bin\management.dll
0x000007fef1020000 - 0x000007fef102d000 	C:\Program Files\Android\Android Studio\jre\bin\management_ext.dll
0x000007fefcda0000 - 0x000007fefcdb8000 	C:\Windows\system32\CRYPTSP.dll
0x000007fefcab0000 - 0x000007fefcaf7000 	C:\Windows\system32\rsaenh.dll
0x000007fefd670000 - 0x000007fefd68f000 	C:\Windows\system32\USERENV.dll
0x000007fefd480000 - 0x000007fefd48f000 	C:\Windows\system32\CRYPTBASE.dll
0x000007fefb2e0000 - 0x000007fefb307000 	C:\Windows\system32\IPHLPAPI.DLL
0x000007fefb2a0000 - 0x000007fefb2ab000 	C:\Windows\system32\WINNSI.DLL
0x000007fefb100000 - 0x000007fefb111000 	C:\Windows\system32\dhcpcsvc6.DLL
0x000007fefaf60000 - 0x000007fefaf78000 	C:\Windows\system32\dhcpcsvc.DLL
0x000007fef0470000 - 0x000007fef0497000 	C:\Program Files\Android\Android Studio\jre\bin\sunec.dll
0x000007fefc920000 - 0x000007fefc927000 	C:\Windows\System32\wshtcpip.dll
0x000007fefcbd0000 - 0x000007fefcc2b000 	C:\Windows\system32\DNSAPI.dll
0x000007fef9480000 - 0x000007fef9488000 	C:\Windows\system32\rasadhlp.dll
0x000007fefb1d0000 - 0x000007fefb223000 	C:\Windows\System32\fwpuclnt.dll

dbghelp: loaded successfully - version: 4.0.5 - missing functions: none
symbol engine: initialized successfully - sym options: 0x614 - pdb path: .;C:\Program Files\Android\Android Studio\jre\bin;C:\Windows\SYSTEM32;C:\Windows\WinSxS\amd64_microsoft.windows.common-controls_6595b64144ccf1df_6.0.7601.24440_none_e36f1bbf30ff0606;C:\Program Files\Android\Android Studio\jre\bin\server;C:\Users\zaur\.gradle\native\e1d6ef7f7dcc3fd88c89a11ec53ec762bb8ba0a96d01ffa2cd45eb1d1d8dd5c5\windows-amd64

VM Arguments:
jvm_args: --add-opens=java.base/java.util=ALL-UNNAMED --add-opens=java.base/java.lang=ALL-UNNAMED --add-opens=java.base/java.lang.invoke=ALL-UNNAMED --add-opens=java.base/java.util=ALL-UNNAMED --add-opens=java.prefs/java.util.prefs=ALL-UNNAMED --add-opens=java.prefs/java.util.prefs=ALL-UNNAMED --add-opens=java.base/java.nio.charset=ALL-UNNAMED --add-opens=java.base/java.net=ALL-UNNAMED --add-opens=java.base/java.util.concurrent.atomic=ALL-UNNAMED -Xmx2048m -Dfile.encoding=UTF-8 -Duser.country=RU -Duser.language=ru -Duser.variant 
java_command: org.gradle.launcher.daemon.bootstrap.GradleDaemon 7.5
java_class_path (initial): C:\Users\zaur\.gradle\wrapper\dists\gradle-7.5-bin\f1w0cc9nuo0eivz97x2xlu9sv\gradle-7.5\lib\gradle-launcher-7.5.jar
Launcher Type: SUN_STANDARD

[Global flags]
     intx CICompilerCount                          = 2                                         {product} {ergonomic}
     uint ConcGCThreads                            = 1                                         {product} {ergonomic}
     uint G1ConcRefinementThreads                  = 2                                         {product} {ergonomic}
   size_t G1HeapRegionSize                         = 1048576                                   {product} {ergonomic}
    uintx GCDrainStackTargetSize                   = 64                                        {product} {ergonomic}
   size_t InitialHeapSize                          = 83886080                                  {product} {ergonomic}
   size_t MarkStackSize                            = 4194304                                   {product} {ergonomic}
   size_t MaxHeapSize                              = 2147483648                                {product} {command line}
   size_t MaxNewSize                               = 1287651328                                {product} {ergonomic}
   size_t MinHeapDeltaBytes                        = 1048576                                   {product} {ergonomic}
    uintx NonNMethodCodeHeapSize                   = 5825164                                {pd product} {ergonomic}
    uintx NonProfiledCodeHeapSize                  = 122916538                              {pd product} {ergonomic}
    uintx ProfiledCodeHeapSize                     = 122916538                              {pd product} {ergonomic}
    uintx ReservedCodeCacheSize                    = 251658240                              {pd product} {ergonomic}
     bool SegmentedCodeCache                       = true                                      {product} {ergonomic}
     bool UseCompressedClassPointers               = true                                 {lp64_product} {ergonomic}
     bool UseCompressedOops                        = true                                 {lp64_product} {ergonomic}
     bool UseG1GC                                  = true                                      {product} {ergonomic}
     bool UseLargePagesIndividualAllocation        = false                                  {pd product} {ergonomic}

Logging:
Log output configuration:
 #0: stdout all=warning uptime,level,tags
 #1: stderr all=off uptime,level,tags

Environment Variables:
PATH=C:\Program Files\Common Files\Oracle\Java\javapath;C:\Windows\system32;C:\Windows;C:\Windows\System32\Wbem;C:\Windows\System32\WindowsPowerShell\v1.0\;C:\Windows\System32\WindowsPowerShell\v1.0\
USERNAME=zaur
OS=Windows_NT
PROCESSOR_IDENTIFIER=Intel64 Family 6 Model 23 Stepping 6, GenuineIntel



---------------  S Y S T E M  ---------------

OS: Windows 7 , 64 bit Build 7601 (6.1.7601.24441)
OS uptime: 0 days 0:55 hours

CPU:total 2 (initial active 2) (2 cores per cpu, 1 threads per core) family 6 model 23 stepping 6 microcode 0x0, cmov, cx8, fxsr, mmx, sse, sse2, sse3, ssse3, sse4.1, tsc

Memory: 4k page, system-wide physical 5119M (95M free)
TotalPageFile size 5117M (AvailPageFile size 4M)
current process WorkingSet (physical memory assigned to process): 512M, peak: 512M
current process commit charge ("private bytes"): 537M, peak: 538M

vm_info: OpenJDK 64-Bit Server VM (11.0.12+7-b1504.28-7817840) for windows-amd64 JRE (11.0.12+7-b1504.28-7817840), built on Oct 13 2021 22:12:33 by "builder" with MS VC++ 14.0 (VS2015)

END.
